10:04:39.619 [main] INFO  com.sophia.Application - Starting Application v0.0.1-SNAPSHOT on PC-NINGZUOKUN with PID 4444 (D:\m2\com\sophia\development-framework\0.0.1-SNAPSHOT\development-framework-0.0.1-SNAPSHOT.jar started by ningzuokun in D:\code\development-search)
10:04:39.622 [main] INFO  com.sophia.Application - No active profile set, falling back to default profiles: default
10:04:39.852 [main] INFO  o.s.b.c.e.AnnotationConfigEmbeddedWebApplicationContext - Refreshing org.springframework.boot.context.embedded.AnnotationConfigEmbeddedWebApplicationContext@1398321c: startup date [Thu May 12 10:04:39 CST 2016]; root of context hierarchy
10:04:40.850 [main] INFO  o.s.b.f.s.DefaultListableBeanFactory - Overriding bean definition for bean 'beanNameViewResolver' with a different definition: replacing [Root bean: class [null]; scope=; abstract=false; lazyInit=false; autowireMode=3; dependencyCheck=0; autowireCandidate=true; primary=false; factoryBeanName=org.springframework.boot.autoconfigure.web.ErrorMvcAutoConfiguration$WhitelabelErrorViewConfiguration; factoryMethodName=beanNameViewResolver; initMethodName=null; destroyMethodName=(inferred); defined in class path resource [org/springframework/boot/autoconfigure/web/ErrorMvcAutoConfiguration$WhitelabelErrorViewConfiguration.class]] with [Root bean: class [null]; scope=; abstract=false; lazyInit=false; autowireMode=3; dependencyCheck=0; autowireCandidate=true; primary=false; factoryBeanName=org.springframework.boot.autoconfigure.web.WebMvcAutoConfiguration$WebMvcAutoConfigurationAdapter; factoryMethodName=beanNameViewResolver; initMethodName=null; destroyMethodName=(inferred); defined in class path resource [org/springframework/boot/autoconfigure/web/WebMvcAutoConfiguration$WebMvcAutoConfigurationAdapter.class]]
10:04:41.404 [main] INFO  o.s.c.s.PostProcessorRegistrationDelegate$BeanPostProcessorChecker - Bean 'org.springframework.transaction.annotation.ProxyTransactionManagementConfiguration' of type [class org.springframework.transaction.annotation.ProxyTransactionManagementConfiguration$$EnhancerBySpringCGLIB$$5632170b] is not eligible for getting processed by all BeanPostProcessors (for example: not eligible for auto-proxying)
10:04:41.456 [main] INFO  o.s.c.s.PostProcessorRegistrationDelegate$BeanPostProcessorChecker - Bean 'org.springframework.security.config.annotation.configuration.ObjectPostProcessorConfiguration' of type [class org.springframework.security.config.annotation.configuration.ObjectPostProcessorConfiguration$$EnhancerBySpringCGLIB$$7f536005] is not eligible for getting processed by all BeanPostProcessors (for example: not eligible for auto-proxying)
10:04:41.468 [main] INFO  o.s.c.s.PostProcessorRegistrationDelegate$BeanPostProcessorChecker - Bean 'objectPostProcessor' of type [class org.springframework.security.config.annotation.configuration.AutowireBeanFactoryObjectPostProcessor] is not eligible for getting processed by all BeanPostProcessors (for example: not eligible for auto-proxying)
10:04:41.471 [main] INFO  o.s.c.s.PostProcessorRegistrationDelegate$BeanPostProcessorChecker - Bean 'org.springframework.security.access.expression.method.DefaultMethodSecurityExpressionHandler@3ce40ed8' of type [class org.springframework.security.access.expression.method.DefaultMethodSecurityExpressionHandler] is not eligible for getting processed by all BeanPostProcessors (for example: not eligible for auto-proxying)
10:04:41.482 [main] INFO  o.s.c.s.PostProcessorRegistrationDelegate$BeanPostProcessorChecker - Bean 'org.springframework.security.config.annotation.method.configuration.GlobalMethodSecurityConfiguration' of type [class org.springframework.security.config.annotation.method.configuration.GlobalMethodSecurityConfiguration$$EnhancerBySpringCGLIB$$32319477] is not eligible for getting processed by all BeanPostProcessors (for example: not eligible for auto-proxying)
10:04:41.498 [main] INFO  o.s.c.s.PostProcessorRegistrationDelegate$BeanPostProcessorChecker - Bean 'methodSecurityMetadataSource' of type [class org.springframework.security.access.method.DelegatingMethodSecurityMetadataSource] is not eligible for getting processed by all BeanPostProcessors (for example: not eligible for auto-proxying)
10:04:41.954 [main] INFO  o.s.b.c.e.t.TomcatEmbeddedServletContainer - Tomcat initialized with port(s): 8088 (http)
10:04:42.044 [localhost-startStop-1] INFO  o.s.web.context.ContextLoader - Root WebApplicationContext: initialization completed in 2192 ms
10:04:42.388 [localhost-startStop-1] INFO  o.s.b.c.e.FilterRegistrationBean - Mapping filter: 'characterEncodingFilter' to: [/*]
10:04:42.388 [localhost-startStop-1] INFO  o.s.b.c.e.FilterRegistrationBean - Mapping filter: 'hiddenHttpMethodFilter' to: [/*]
10:04:42.388 [localhost-startStop-1] INFO  o.s.b.c.e.FilterRegistrationBean - Mapping filter: 'httpPutFormContentFilter' to: [/*]
10:04:42.388 [localhost-startStop-1] INFO  o.s.b.c.e.FilterRegistrationBean - Mapping filter: 'requestContextFilter' to: [/*]
10:04:42.389 [localhost-startStop-1] INFO  o.s.b.c.e.DelegatingFilterProxyRegistrationBean - Mapping filter: 'springSecurityFilterChain' to: [/*]
10:04:42.389 [localhost-startStop-1] INFO  o.s.b.c.e.ServletRegistrationBean - Mapping servlet: 'dispatcherServlet' to [/]
10:04:42.713 [localhost-startStop-1] INFO  o.s.b.a.s.AuthenticationManagerConfiguration - 

Using default security password: c0850f29-1c6e-49d2-b053-01ae1c4970b4

10:04:42.718 [localhost-startStop-1] INFO  o.s.s.web.DefaultSecurityFilterChain - Creating filter chain: Ant [pattern='/css/**'], []
10:04:42.718 [localhost-startStop-1] INFO  o.s.s.web.DefaultSecurityFilterChain - Creating filter chain: Ant [pattern='/js/**'], []
10:04:42.719 [localhost-startStop-1] INFO  o.s.s.web.DefaultSecurityFilterChain - Creating filter chain: Ant [pattern='/images/**'], []
10:04:42.719 [localhost-startStop-1] INFO  o.s.s.web.DefaultSecurityFilterChain - Creating filter chain: Ant [pattern='/**/favicon.ico'], []
10:04:42.719 [localhost-startStop-1] INFO  o.s.s.web.DefaultSecurityFilterChain - Creating filter chain: Ant [pattern='/error'], []
10:04:42.805 [localhost-startStop-1] INFO  o.s.s.web.DefaultSecurityFilterChain - Creating filter chain: org.springframework.security.web.util.matcher.AnyRequestMatcher@1, [org.springframework.security.web.context.request.async.WebAsyncManagerIntegrationFilter@31152a39, org.springframework.security.web.context.SecurityContextPersistenceFilter@34bb4a56, org.springframework.security.web.header.HeaderWriterFilter@c628e4, org.springframework.security.web.authentication.logout.LogoutFilter@6fc45307, org.springframework.security.web.authentication.UsernamePasswordAuthenticationFilter@66551924, org.springframework.security.web.session.ConcurrentSessionFilter@3f257dae, org.springframework.security.web.savedrequest.RequestCacheAwareFilter@1405eda0, org.springframework.security.web.servletapi.SecurityContextHolderAwareRequestFilter@24e13cd9, org.springframework.security.web.authentication.AnonymousAuthenticationFilter@64871d5b, org.springframework.security.web.session.SessionManagementFilter@7039449, org.springframework.security.web.access.ExceptionTranslationFilter@35217091, org.springframework.security.web.access.intercept.FilterSecurityInterceptor@28e3d28d]
10:04:42.823 [localhost-startStop-1] INFO  o.s.s.web.DefaultSecurityFilterChain - Creating filter chain: OrRequestMatcher [requestMatchers=[Ant [pattern='/**']]], [org.springframework.security.web.context.request.async.WebAsyncManagerIntegrationFilter@38a4069c, org.springframework.security.web.context.SecurityContextPersistenceFilter@2ae6c62d, org.springframework.security.web.header.HeaderWriterFilter@61c72b26, org.springframework.security.web.authentication.logout.LogoutFilter@1559dca5, org.springframework.security.web.authentication.www.BasicAuthenticationFilter@3a5310fb, org.springframework.security.web.savedrequest.RequestCacheAwareFilter@14dcca5c, org.springframework.security.web.servletapi.SecurityContextHolderAwareRequestFilter@2b6968b7, org.springframework.security.web.authentication.AnonymousAuthenticationFilter@18ae08d1, org.springframework.security.web.session.SessionManagementFilter@5ae1fdf0, org.springframework.security.web.access.ExceptionTranslationFilter@329d0167, org.springframework.security.web.access.intercept.FilterSecurityInterceptor@28f81abf]
10:04:43.557 [main] INFO  o.s.o.j.LocalContainerEntityManagerFactoryBean - Building JPA container EntityManagerFactory for persistence unit 'default'
10:04:44.733 [main] INFO  o.s.w.s.m.m.a.RequestMappingHandlerAdapter - Looking for @ControllerAdvice: org.springframework.boot.context.embedded.AnnotationConfigEmbeddedWebApplicationContext@1398321c: startup date [Thu May 12 10:04:39 CST 2016]; root of context hierarchy
10:04:44.810 [main] INFO  o.s.w.s.m.m.a.RequestMappingHandlerMapping - Mapped "{[/api/apiMgr],methods=[GET]}" onto public java.util.List<com.sophia.domain.Api> com.sophia.api.common.ApiMgrController.getAllApi()
10:04:44.813 [main] INFO  o.s.w.s.m.m.a.RequestMappingHandlerMapping - Mapped "{[/api/permit/verify],methods=[POST],consumes=[application/json]}" onto public java.util.Map<java.lang.String, java.lang.Object> com.sophia.api.UserRestController.verify(java.lang.String)
10:04:44.814 [main] INFO  o.s.w.s.m.m.a.RequestMappingHandlerMapping - Mapped "{[/api/user],methods=[POST],consumes=[application/json]}" onto public java.util.Map<java.lang.String, java.lang.Object> com.sophia.api.UserRestController.user(com.sophia.vo.UserParam)
10:04:44.814 [main] INFO  o.s.w.s.m.m.a.RequestMappingHandlerMapping - Mapped "{[/api/permit/user],methods=[POST],consumes=[application/json]}" onto public java.util.Map<java.lang.String, java.lang.Object> com.sophia.api.UserRestController.permituser(com.sophia.vo.UserParam)
10:04:44.815 [main] INFO  o.s.w.s.m.m.a.RequestMappingHandlerMapping - Mapped "{[/console/context]}" onto public org.springframework.web.servlet.ModelAndView com.sophia.web.console.ContextController.context(javax.servlet.http.HttpServletRequest,org.springframework.ui.ModelMap)
10:04:44.815 [main] INFO  o.s.w.s.m.m.a.RequestMappingHandlerMapping - Mapped "{[/console/memory/gc],methods=[POST]}" onto public org.springframework.web.servlet.ModelAndView com.sophia.web.console.MemoryController.gc()
10:04:44.816 [main] INFO  o.s.w.s.m.m.a.RequestMappingHandlerMapping - Mapped "{[/console/memory]}" onto public org.springframework.web.servlet.ModelAndView com.sophia.web.console.MemoryController.memory(org.springframework.ui.ModelMap)
10:04:44.817 [main] INFO  o.s.w.s.m.m.a.RequestMappingHandlerMapping - Mapped "{[/home]}" onto public org.springframework.web.servlet.ModelAndView com.sophia.web.home.HomeController.index()
10:04:44.818 [main] INFO  o.s.w.s.m.m.a.RequestMappingHandlerMapping - Mapped "{[]}" onto public org.springframework.web.servlet.ModelAndView com.sophia.web.IndexController.main()
10:04:44.818 [main] INFO  o.s.w.s.m.m.a.RequestMappingHandlerMapping - Mapped "{[/hello],methods=[GET]}" onto public java.lang.String com.sophia.web.IndexController.getAllApi()
10:04:44.818 [main] INFO  o.s.w.s.m.m.a.RequestMappingHandlerMapping - Mapped "{[/login]}" onto public org.springframework.web.servlet.ModelAndView com.sophia.web.IndexController.login()
10:04:44.819 [main] INFO  o.s.w.s.m.m.a.RequestMappingHandlerMapping - Mapped "{[/system/user]}" onto public org.springframework.web.servlet.ModelAndView com.sophia.web.system.UserController.user()
10:04:44.820 [main] INFO  o.s.w.s.m.m.a.RequestMappingHandlerMapping - Mapped "{[/error]}" onto public org.springframework.http.ResponseEntity<java.util.Map<java.lang.String, java.lang.Object>> org.springframework.boot.autoconfigure.web.BasicErrorController.error(javax.servlet.http.HttpServletRequest)
10:04:44.821 [main] INFO  o.s.w.s.m.m.a.RequestMappingHandlerMapping - Mapped "{[/error],produces=[text/html]}" onto public org.springframework.web.servlet.ModelAndView org.springframework.boot.autoconfigure.web.BasicErrorController.errorHtml(javax.servlet.http.HttpServletRequest,javax.servlet.http.HttpServletResponse)
10:04:44.855 [main] INFO  o.s.w.s.h.SimpleUrlHandlerMapping - Mapped URL path [/webjars/**] onto handler of type [class org.springframework.web.servlet.resource.ResourceHttpRequestHandler]
10:04:44.855 [main] INFO  o.s.w.s.h.SimpleUrlHandlerMapping - Mapped URL path [/**] onto handler of type [class org.springframework.web.servlet.resource.ResourceHttpRequestHandler]
10:04:44.875 [main] INFO  o.s.w.s.m.m.a.ExceptionHandlerExceptionResolver - Detected @ExceptionHandler methods in controllerAdviceExceptionHandler
10:04:44.900 [main] INFO  o.s.w.s.h.SimpleUrlHandlerMapping - Mapped URL path [/**/favicon.ico] onto handler of type [class org.springframework.web.servlet.resource.ResourceHttpRequestHandler]
10:04:45.441 [main] INFO  o.s.j.e.a.AnnotationMBeanExporter - Registering beans for JMX exposure on startup
10:04:45.518 [main] INFO  o.s.b.c.e.t.TomcatEmbeddedServletContainer - Tomcat started on port(s): 8088 (http)
10:04:45.522 [main] INFO  com.sophia.Application - Started Application in 6.132 seconds (JVM running for 10.221)
10:04:52.550 [http-nio-8088-exec-1] INFO  o.s.web.servlet.DispatcherServlet - FrameworkServlet 'dispatcherServlet': initialization started
10:04:52.564 [http-nio-8088-exec-1] INFO  o.s.web.servlet.DispatcherServlet - FrameworkServlet 'dispatcherServlet': initialization completed in 12 ms
10:08:42.045 [main] INFO  com.sophia.Application - Starting Application v0.0.1-SNAPSHOT on PC-NINGZUOKUN with PID 3812 (D:\m2\com\sophia\development-framework\0.0.1-SNAPSHOT\development-framework-0.0.1-SNAPSHOT.jar started by ningzuokun in D:\code\development-search)
10:08:42.047 [main] INFO  com.sophia.Application - No active profile set, falling back to default profiles: default
10:08:42.232 [main] INFO  o.s.b.c.e.AnnotationConfigEmbeddedWebApplicationContext - Refreshing org.springframework.boot.context.embedded.AnnotationConfigEmbeddedWebApplicationContext@45c8d2d9: startup date [Thu May 12 10:08:42 CST 2016]; root of context hierarchy
10:08:43.194 [main] INFO  o.s.b.f.s.DefaultListableBeanFactory - Overriding bean definition for bean 'beanNameViewResolver' with a different definition: replacing [Root bean: class [null]; scope=; abstract=false; lazyInit=false; autowireMode=3; dependencyCheck=0; autowireCandidate=true; primary=false; factoryBeanName=org.springframework.boot.autoconfigure.web.ErrorMvcAutoConfiguration$WhitelabelErrorViewConfiguration; factoryMethodName=beanNameViewResolver; initMethodName=null; destroyMethodName=(inferred); defined in class path resource [org/springframework/boot/autoconfigure/web/ErrorMvcAutoConfiguration$WhitelabelErrorViewConfiguration.class]] with [Root bean: class [null]; scope=; abstract=false; lazyInit=false; autowireMode=3; dependencyCheck=0; autowireCandidate=true; primary=false; factoryBeanName=org.springframework.boot.autoconfigure.web.WebMvcAutoConfiguration$WebMvcAutoConfigurationAdapter; factoryMethodName=beanNameViewResolver; initMethodName=null; destroyMethodName=(inferred); defined in class path resource [org/springframework/boot/autoconfigure/web/WebMvcAutoConfiguration$WebMvcAutoConfigurationAdapter.class]]
10:08:43.722 [main] INFO  o.s.c.s.PostProcessorRegistrationDelegate$BeanPostProcessorChecker - Bean 'org.springframework.transaction.annotation.ProxyTransactionManagementConfiguration' of type [class org.springframework.transaction.annotation.ProxyTransactionManagementConfiguration$$EnhancerBySpringCGLIB$$901b0ca6] is not eligible for getting processed by all BeanPostProcessors (for example: not eligible for auto-proxying)
10:08:43.770 [main] INFO  o.s.c.s.PostProcessorRegistrationDelegate$BeanPostProcessorChecker - Bean 'org.springframework.security.config.annotation.configuration.ObjectPostProcessorConfiguration' of type [class org.springframework.security.config.annotation.configuration.ObjectPostProcessorConfiguration$$EnhancerBySpringCGLIB$$b93c55a0] is not eligible for getting processed by all BeanPostProcessors (for example: not eligible for auto-proxying)
10:08:43.780 [main] INFO  o.s.c.s.PostProcessorRegistrationDelegate$BeanPostProcessorChecker - Bean 'objectPostProcessor' of type [class org.springframework.security.config.annotation.configuration.AutowireBeanFactoryObjectPostProcessor] is not eligible for getting processed by all BeanPostProcessors (for example: not eligible for auto-proxying)
10:08:43.781 [main] INFO  o.s.c.s.PostProcessorRegistrationDelegate$BeanPostProcessorChecker - Bean 'org.springframework.security.access.expression.method.DefaultMethodSecurityExpressionHandler@691d04b' of type [class org.springframework.security.access.expression.method.DefaultMethodSecurityExpressionHandler] is not eligible for getting processed by all BeanPostProcessors (for example: not eligible for auto-proxying)
10:08:43.787 [main] INFO  o.s.c.s.PostProcessorRegistrationDelegate$BeanPostProcessorChecker - Bean 'org.springframework.security.config.annotation.method.configuration.GlobalMethodSecurityConfiguration' of type [class org.springframework.security.config.annotation.method.configuration.GlobalMethodSecurityConfiguration$$EnhancerBySpringCGLIB$$6c1a8a12] is not eligible for getting processed by all BeanPostProcessors (for example: not eligible for auto-proxying)
10:08:43.802 [main] INFO  o.s.c.s.PostProcessorRegistrationDelegate$BeanPostProcessorChecker - Bean 'methodSecurityMetadataSource' of type [class org.springframework.security.access.method.DelegatingMethodSecurityMetadataSource] is not eligible for getting processed by all BeanPostProcessors (for example: not eligible for auto-proxying)
10:08:44.180 [main] INFO  o.s.b.c.e.t.TomcatEmbeddedServletContainer - Tomcat initialized with port(s): 8088 (http)
10:08:44.269 [localhost-startStop-1] INFO  o.s.web.context.ContextLoader - Root WebApplicationContext: initialization completed in 2037 ms
10:08:44.644 [localhost-startStop-1] INFO  o.s.b.c.e.FilterRegistrationBean - Mapping filter: 'characterEncodingFilter' to: [/*]
10:08:44.645 [localhost-startStop-1] INFO  o.s.b.c.e.FilterRegistrationBean - Mapping filter: 'hiddenHttpMethodFilter' to: [/*]
10:08:44.645 [localhost-startStop-1] INFO  o.s.b.c.e.FilterRegistrationBean - Mapping filter: 'httpPutFormContentFilter' to: [/*]
10:08:44.645 [localhost-startStop-1] INFO  o.s.b.c.e.FilterRegistrationBean - Mapping filter: 'requestContextFilter' to: [/*]
10:08:44.646 [localhost-startStop-1] INFO  o.s.b.c.e.DelegatingFilterProxyRegistrationBean - Mapping filter: 'springSecurityFilterChain' to: [/*]
10:08:44.647 [localhost-startStop-1] INFO  o.s.b.c.e.ServletRegistrationBean - Mapping servlet: 'dispatcherServlet' to [/]
10:08:44.972 [localhost-startStop-1] INFO  o.s.b.a.s.AuthenticationManagerConfiguration - 

Using default security password: e985c12e-212c-4dca-9824-33f399eea18e

10:08:44.978 [localhost-startStop-1] INFO  o.s.s.web.DefaultSecurityFilterChain - Creating filter chain: Ant [pattern='/css/**'], []
10:08:44.979 [localhost-startStop-1] INFO  o.s.s.web.DefaultSecurityFilterChain - Creating filter chain: Ant [pattern='/js/**'], []
10:08:44.979 [localhost-startStop-1] INFO  o.s.s.web.DefaultSecurityFilterChain - Creating filter chain: Ant [pattern='/images/**'], []
10:08:44.979 [localhost-startStop-1] INFO  o.s.s.web.DefaultSecurityFilterChain - Creating filter chain: Ant [pattern='/**/favicon.ico'], []
10:08:44.979 [localhost-startStop-1] INFO  o.s.s.web.DefaultSecurityFilterChain - Creating filter chain: Ant [pattern='/error'], []
10:08:45.067 [localhost-startStop-1] INFO  o.s.s.web.DefaultSecurityFilterChain - Creating filter chain: org.springframework.security.web.util.matcher.AnyRequestMatcher@1, [org.springframework.security.web.context.request.async.WebAsyncManagerIntegrationFilter@2ed96799, org.springframework.security.web.context.SecurityContextPersistenceFilter@1137b76d, org.springframework.security.web.header.HeaderWriterFilter@2304ceab, org.springframework.security.web.authentication.logout.LogoutFilter@338a7834, org.springframework.security.web.authentication.UsernamePasswordAuthenticationFilter@7947afe3, org.springframework.security.web.session.ConcurrentSessionFilter@76c00e2, org.springframework.security.web.savedrequest.RequestCacheAwareFilter@136535df, org.springframework.security.web.servletapi.SecurityContextHolderAwareRequestFilter@3132e3e7, org.springframework.security.web.authentication.AnonymousAuthenticationFilter@432085d6, org.springframework.security.web.session.SessionManagementFilter@60a0ee1c, org.springframework.security.web.access.ExceptionTranslationFilter@612dd13b, org.springframework.security.web.access.intercept.FilterSecurityInterceptor@4eab07b5]
10:08:45.083 [localhost-startStop-1] INFO  o.s.s.web.DefaultSecurityFilterChain - Creating filter chain: OrRequestMatcher [requestMatchers=[Ant [pattern='/**']]], [org.springframework.security.web.context.request.async.WebAsyncManagerIntegrationFilter@3eeb5ad, org.springframework.security.web.context.SecurityContextPersistenceFilter@3e06971e, org.springframework.security.web.header.HeaderWriterFilter@7650835c, org.springframework.security.web.authentication.logout.LogoutFilter@766e32f2, org.springframework.security.web.authentication.www.BasicAuthenticationFilter@3b28c6f6, org.springframework.security.web.savedrequest.RequestCacheAwareFilter@22ab5262, org.springframework.security.web.servletapi.SecurityContextHolderAwareRequestFilter@1dadb1b6, org.springframework.security.web.authentication.AnonymousAuthenticationFilter@2cd972df, org.springframework.security.web.session.SessionManagementFilter@1fe049b3, org.springframework.security.web.access.ExceptionTranslationFilter@4ab60dfd, org.springframework.security.web.access.intercept.FilterSecurityInterceptor@70b908c4]
10:08:45.659 [main] INFO  o.s.o.j.LocalContainerEntityManagerFactoryBean - Building JPA container EntityManagerFactory for persistence unit 'default'
10:08:46.676 [main] INFO  o.s.w.s.m.m.a.RequestMappingHandlerAdapter - Looking for @ControllerAdvice: org.springframework.boot.context.embedded.AnnotationConfigEmbeddedWebApplicationContext@45c8d2d9: startup date [Thu May 12 10:08:42 CST 2016]; root of context hierarchy
10:08:46.752 [main] INFO  o.s.w.s.m.m.a.RequestMappingHandlerMapping - Mapped "{[/api/apiMgr],methods=[GET]}" onto public java.util.List<com.sophia.domain.Api> com.sophia.api.common.ApiMgrController.getAllApi()
10:08:46.755 [main] INFO  o.s.w.s.m.m.a.RequestMappingHandlerMapping - Mapped "{[/api/permit/verify],methods=[POST],consumes=[application/json]}" onto public java.util.Map<java.lang.String, java.lang.Object> com.sophia.api.UserRestController.verify(java.lang.String)
10:08:46.755 [main] INFO  o.s.w.s.m.m.a.RequestMappingHandlerMapping - Mapped "{[/api/user],methods=[POST],consumes=[application/json]}" onto public java.util.Map<java.lang.String, java.lang.Object> com.sophia.api.UserRestController.user(com.sophia.vo.UserParam)
10:08:46.756 [main] INFO  o.s.w.s.m.m.a.RequestMappingHandlerMapping - Mapped "{[/api/permit/user],methods=[POST],consumes=[application/json]}" onto public java.util.Map<java.lang.String, java.lang.Object> com.sophia.api.UserRestController.permituser(com.sophia.vo.UserParam)
10:08:46.756 [main] INFO  o.s.w.s.m.m.a.RequestMappingHandlerMapping - Mapped "{[/console/context]}" onto public org.springframework.web.servlet.ModelAndView com.sophia.web.console.ContextController.context(javax.servlet.http.HttpServletRequest,org.springframework.ui.ModelMap)
10:08:46.757 [main] INFO  o.s.w.s.m.m.a.RequestMappingHandlerMapping - Mapped "{[/console/memory/gc],methods=[POST]}" onto public org.springframework.web.servlet.ModelAndView com.sophia.web.console.MemoryController.gc()
10:08:46.757 [main] INFO  o.s.w.s.m.m.a.RequestMappingHandlerMapping - Mapped "{[/console/memory]}" onto public org.springframework.web.servlet.ModelAndView com.sophia.web.console.MemoryController.memory(org.springframework.ui.ModelMap)
10:08:46.759 [main] INFO  o.s.w.s.m.m.a.RequestMappingHandlerMapping - Mapped "{[/home]}" onto public org.springframework.web.servlet.ModelAndView com.sophia.web.home.HomeController.index()
10:08:46.760 [main] INFO  o.s.w.s.m.m.a.RequestMappingHandlerMapping - Mapped "{[]}" onto public org.springframework.web.servlet.ModelAndView com.sophia.web.IndexController.main()
10:08:46.760 [main] INFO  o.s.w.s.m.m.a.RequestMappingHandlerMapping - Mapped "{[/hello],methods=[GET]}" onto public java.lang.String com.sophia.web.IndexController.getAllApi()
10:08:46.760 [main] INFO  o.s.w.s.m.m.a.RequestMappingHandlerMapping - Mapped "{[/login]}" onto public org.springframework.web.servlet.ModelAndView com.sophia.web.IndexController.login()
10:08:46.760 [main] INFO  o.s.w.s.m.m.a.RequestMappingHandlerMapping - Mapped "{[/system/user]}" onto public org.springframework.web.servlet.ModelAndView com.sophia.web.system.UserController.user()
10:08:46.762 [main] INFO  o.s.w.s.m.m.a.RequestMappingHandlerMapping - Mapped "{[/error]}" onto public org.springframework.http.ResponseEntity<java.util.Map<java.lang.String, java.lang.Object>> org.springframework.boot.autoconfigure.web.BasicErrorController.error(javax.servlet.http.HttpServletRequest)
10:08:46.763 [main] INFO  o.s.w.s.m.m.a.RequestMappingHandlerMapping - Mapped "{[/error],produces=[text/html]}" onto public org.springframework.web.servlet.ModelAndView org.springframework.boot.autoconfigure.web.BasicErrorController.errorHtml(javax.servlet.http.HttpServletRequest,javax.servlet.http.HttpServletResponse)
10:08:46.800 [main] INFO  o.s.w.s.h.SimpleUrlHandlerMapping - Mapped URL path [/webjars/**] onto handler of type [class org.springframework.web.servlet.resource.ResourceHttpRequestHandler]
10:08:46.800 [main] INFO  o.s.w.s.h.SimpleUrlHandlerMapping - Mapped URL path [/**] onto handler of type [class org.springframework.web.servlet.resource.ResourceHttpRequestHandler]
10:08:46.823 [main] INFO  o.s.w.s.m.m.a.ExceptionHandlerExceptionResolver - Detected @ExceptionHandler methods in controllerAdviceExceptionHandler
10:08:46.850 [main] INFO  o.s.w.s.h.SimpleUrlHandlerMapping - Mapped URL path [/**/favicon.ico] onto handler of type [class org.springframework.web.servlet.resource.ResourceHttpRequestHandler]
10:08:47.408 [main] INFO  o.s.j.e.a.AnnotationMBeanExporter - Registering beans for JMX exposure on startup
10:08:47.485 [main] INFO  o.s.b.c.e.t.TomcatEmbeddedServletContainer - Tomcat started on port(s): 8088 (http)
10:08:47.489 [main] INFO  com.sophia.Application - Started Application in 5.622 seconds (JVM running for 8.86)
