16:09:44.136 [main] INFO  com.sophia.Application - Starting Application v0.0.1-SNAPSHOT on PC-NINGZUOKUN with PID 5660 (D:\m2\com\sophia\development-framework\0.0.1-SNAPSHOT\development-framework-0.0.1-SNAPSHOT.jar started by ningzuokun in D:\code\development\development-search)
16:09:44.138 [main] INFO  com.sophia.Application - No active profile set, falling back to default profiles: default
16:09:44.345 [main] INFO  o.s.b.c.e.AnnotationConfigEmbeddedWebApplicationContext - Refreshing org.springframework.boot.context.embedded.AnnotationConfigEmbeddedWebApplicationContext@47bedb42: startup date [Mon May 09 16:09:44 CST 2016]; root of context hierarchy
16:09:45.301 [main] INFO  o.s.b.f.s.DefaultListableBeanFactory - Overriding bean definition for bean 'beanNameViewResolver' with a different definition: replacing [Root bean: class [null]; scope=; abstract=false; lazyInit=false; autowireMode=3; dependencyCheck=0; autowireCandidate=true; primary=false; factoryBeanName=org.springframework.boot.autoconfigure.web.ErrorMvcAutoConfiguration$WhitelabelErrorViewConfiguration; factoryMethodName=beanNameViewResolver; initMethodName=null; destroyMethodName=(inferred); defined in class path resource [org/springframework/boot/autoconfigure/web/ErrorMvcAutoConfiguration$WhitelabelErrorViewConfiguration.class]] with [Root bean: class [null]; scope=; abstract=false; lazyInit=false; autowireMode=3; dependencyCheck=0; autowireCandidate=true; primary=false; factoryBeanName=org.springframework.boot.autoconfigure.web.WebMvcAutoConfiguration$WebMvcAutoConfigurationAdapter; factoryMethodName=beanNameViewResolver; initMethodName=null; destroyMethodName=(inferred); defined in class path resource [org/springframework/boot/autoconfigure/web/WebMvcAutoConfiguration$WebMvcAutoConfigurationAdapter.class]]
16:09:45.901 [main] INFO  o.s.c.s.PostProcessorRegistrationDelegate$BeanPostProcessorChecker - Bean 'org.springframework.transaction.annotation.ProxyTransactionManagementConfiguration' of type [class org.springframework.transaction.annotation.ProxyTransactionManagementConfiguration$$EnhancerBySpringCGLIB$$96f3f2ec] is not eligible for getting processed by all BeanPostProcessors (for example: not eligible for auto-proxying)
16:09:45.949 [main] INFO  o.s.c.s.PostProcessorRegistrationDelegate$BeanPostProcessorChecker - Bean 'org.springframework.security.config.annotation.configuration.ObjectPostProcessorConfiguration' of type [class org.springframework.security.config.annotation.configuration.ObjectPostProcessorConfiguration$$EnhancerBySpringCGLIB$$c0153be6] is not eligible for getting processed by all BeanPostProcessors (for example: not eligible for auto-proxying)
16:09:45.958 [main] INFO  o.s.c.s.PostProcessorRegistrationDelegate$BeanPostProcessorChecker - Bean 'objectPostProcessor' of type [class org.springframework.security.config.annotation.configuration.AutowireBeanFactoryObjectPostProcessor] is not eligible for getting processed by all BeanPostProcessors (for example: not eligible for auto-proxying)
16:09:45.960 [main] INFO  o.s.c.s.PostProcessorRegistrationDelegate$BeanPostProcessorChecker - Bean 'org.springframework.security.access.expression.method.DefaultMethodSecurityExpressionHandler@4095e785' of type [class org.springframework.security.access.expression.method.DefaultMethodSecurityExpressionHandler] is not eligible for getting processed by all BeanPostProcessors (for example: not eligible for auto-proxying)
16:09:45.972 [main] INFO  o.s.c.s.PostProcessorRegistrationDelegate$BeanPostProcessorChecker - Bean 'org.springframework.security.config.annotation.method.configuration.GlobalMethodSecurityConfiguration' of type [class org.springframework.security.config.annotation.method.configuration.GlobalMethodSecurityConfiguration$$EnhancerBySpringCGLIB$$72f37058] is not eligible for getting processed by all BeanPostProcessors (for example: not eligible for auto-proxying)
16:09:45.989 [main] INFO  o.s.c.s.PostProcessorRegistrationDelegate$BeanPostProcessorChecker - Bean 'methodSecurityMetadataSource' of type [class org.springframework.security.access.method.DelegatingMethodSecurityMetadataSource] is not eligible for getting processed by all BeanPostProcessors (for example: not eligible for auto-proxying)
16:09:46.395 [main] INFO  o.s.b.c.e.t.TomcatEmbeddedServletContainer - Tomcat initialized with port(s): 8088 (http)
16:09:46.476 [localhost-startStop-1] INFO  o.s.web.context.ContextLoader - Root WebApplicationContext: initialization completed in 2131 ms
16:09:46.839 [localhost-startStop-1] INFO  o.s.b.c.e.FilterRegistrationBean - Mapping filter: 'characterEncodingFilter' to: [/*]
16:09:46.840 [localhost-startStop-1] INFO  o.s.b.c.e.FilterRegistrationBean - Mapping filter: 'hiddenHttpMethodFilter' to: [/*]
16:09:46.840 [localhost-startStop-1] INFO  o.s.b.c.e.FilterRegistrationBean - Mapping filter: 'httpPutFormContentFilter' to: [/*]
16:09:46.840 [localhost-startStop-1] INFO  o.s.b.c.e.FilterRegistrationBean - Mapping filter: 'requestContextFilter' to: [/*]
16:09:46.841 [localhost-startStop-1] INFO  o.s.b.c.e.DelegatingFilterProxyRegistrationBean - Mapping filter: 'springSecurityFilterChain' to: [/*]
16:09:46.841 [localhost-startStop-1] INFO  o.s.b.c.e.ServletRegistrationBean - Mapping servlet: 'dispatcherServlet' to [/]
16:09:47.190 [localhost-startStop-1] INFO  o.s.b.a.s.AuthenticationManagerConfiguration - 

Using default security password: e7d2cc55-f367-4e4f-a5ea-d9252cf22eaf

16:09:47.196 [localhost-startStop-1] INFO  o.s.s.web.DefaultSecurityFilterChain - Creating filter chain: Ant [pattern='/css/**'], []
16:09:47.196 [localhost-startStop-1] INFO  o.s.s.web.DefaultSecurityFilterChain - Creating filter chain: Ant [pattern='/js/**'], []
16:09:47.196 [localhost-startStop-1] INFO  o.s.s.web.DefaultSecurityFilterChain - Creating filter chain: Ant [pattern='/images/**'], []
16:09:47.197 [localhost-startStop-1] INFO  o.s.s.web.DefaultSecurityFilterChain - Creating filter chain: Ant [pattern='/**/favicon.ico'], []
16:09:47.197 [localhost-startStop-1] INFO  o.s.s.web.DefaultSecurityFilterChain - Creating filter chain: Ant [pattern='/error'], []
16:09:47.287 [localhost-startStop-1] INFO  o.s.s.web.DefaultSecurityFilterChain - Creating filter chain: org.springframework.security.web.util.matcher.AnyRequestMatcher@1, [org.springframework.security.web.context.request.async.WebAsyncManagerIntegrationFilter@41714898, org.springframework.security.web.context.SecurityContextPersistenceFilter@6817ad6, org.springframework.security.web.header.HeaderWriterFilter@2294069, org.springframework.security.web.authentication.logout.LogoutFilter@227503a2, org.springframework.security.web.authentication.UsernamePasswordAuthenticationFilter@6cabcd7c, org.springframework.security.web.session.ConcurrentSessionFilter@5002dfbf, org.springframework.security.web.savedrequest.RequestCacheAwareFilter@162d596d, org.springframework.security.web.servletapi.SecurityContextHolderAwareRequestFilter@61a6a743, org.springframework.security.web.authentication.AnonymousAuthenticationFilter@745514b8, org.springframework.security.web.session.SessionManagementFilter@78ef2f34, org.springframework.security.web.access.ExceptionTranslationFilter@29c5322b, org.springframework.security.web.access.intercept.FilterSecurityInterceptor@c661b39]
16:09:47.304 [localhost-startStop-1] INFO  o.s.s.web.DefaultSecurityFilterChain - Creating filter chain: OrRequestMatcher [requestMatchers=[Ant [pattern='/**']]], [org.springframework.security.web.context.request.async.WebAsyncManagerIntegrationFilter@5dda7c60, org.springframework.security.web.context.SecurityContextPersistenceFilter@34a9e6b3, org.springframework.security.web.header.HeaderWriterFilter@39ee5adb, org.springframework.security.web.authentication.logout.LogoutFilter@7cc4d0c6, org.springframework.security.web.authentication.www.BasicAuthenticationFilter@282d300, org.springframework.security.web.savedrequest.RequestCacheAwareFilter@7e690cc7, org.springframework.security.web.servletapi.SecurityContextHolderAwareRequestFilter@22c61da7, org.springframework.security.web.authentication.AnonymousAuthenticationFilter@331bb2c3, org.springframework.security.web.session.SessionManagementFilter@4f8efd93, org.springframework.security.web.access.ExceptionTranslationFilter@12156263, org.springframework.security.web.access.intercept.FilterSecurityInterceptor@48fb1bbe]
16:09:47.833 [main] INFO  o.s.o.j.LocalContainerEntityManagerFactoryBean - Building JPA container EntityManagerFactory for persistence unit 'default'
16:09:48.915 [main] INFO  o.s.w.s.m.m.a.RequestMappingHandlerAdapter - Looking for @ControllerAdvice: org.springframework.boot.context.embedded.AnnotationConfigEmbeddedWebApplicationContext@47bedb42: startup date [Mon May 09 16:09:44 CST 2016]; root of context hierarchy
16:09:48.994 [main] INFO  o.s.w.s.m.m.a.RequestMappingHandlerMapping - Mapped "{[/api/apiMgr],methods=[GET]}" onto public java.util.List<com.sophia.domain.Api> com.sophia.api.common.ApiMgrController.getAllApi()
16:09:48.997 [main] INFO  o.s.w.s.m.m.a.RequestMappingHandlerMapping - Mapped "{[/api/permit/verify],methods=[POST],consumes=[application/json]}" onto public java.util.Map<java.lang.String, java.lang.Object> com.sophia.api.UserRestController.verify(java.lang.String)
16:09:48.997 [main] INFO  o.s.w.s.m.m.a.RequestMappingHandlerMapping - Mapped "{[/api/user],methods=[POST],consumes=[application/json]}" onto public java.util.Map<java.lang.String, java.lang.Object> com.sophia.api.UserRestController.user(com.sophia.vo.UserParam)
16:09:48.998 [main] INFO  o.s.w.s.m.m.a.RequestMappingHandlerMapping - Mapped "{[/api/permit/user],methods=[POST],consumes=[application/json]}" onto public java.util.Map<java.lang.String, java.lang.Object> com.sophia.api.UserRestController.permituser(com.sophia.vo.UserParam)
16:09:48.998 [main] INFO  o.s.w.s.m.m.a.RequestMappingHandlerMapping - Mapped "{[/console/context]}" onto public org.springframework.web.servlet.ModelAndView com.sophia.web.console.ContextController.context(javax.servlet.http.HttpServletRequest,org.springframework.ui.ModelMap)
16:09:48.999 [main] INFO  o.s.w.s.m.m.a.RequestMappingHandlerMapping - Mapped "{[/console/memory/gc],methods=[POST]}" onto public org.springframework.web.servlet.ModelAndView com.sophia.web.console.MemoryController.gc()
16:09:48.999 [main] INFO  o.s.w.s.m.m.a.RequestMappingHandlerMapping - Mapped "{[/console/memory]}" onto public org.springframework.web.servlet.ModelAndView com.sophia.web.console.MemoryController.memory(org.springframework.ui.ModelMap)
16:09:49.001 [main] INFO  o.s.w.s.m.m.a.RequestMappingHandlerMapping - Mapped "{[/home]}" onto public org.springframework.web.servlet.ModelAndView com.sophia.web.home.HomeController.index()
16:09:49.002 [main] INFO  o.s.w.s.m.m.a.RequestMappingHandlerMapping - Mapped "{[]}" onto public org.springframework.web.servlet.ModelAndView com.sophia.web.IndexController.main()
16:09:49.002 [main] INFO  o.s.w.s.m.m.a.RequestMappingHandlerMapping - Mapped "{[/login]}" onto public org.springframework.web.servlet.ModelAndView com.sophia.web.IndexController.login()
16:09:49.002 [main] INFO  o.s.w.s.m.m.a.RequestMappingHandlerMapping - Mapped "{[/hello],methods=[GET]}" onto public java.lang.String com.sophia.web.IndexController.getAllApi()
16:09:49.002 [main] INFO  o.s.w.s.m.m.a.RequestMappingHandlerMapping - Mapped "{[/system/user]}" onto public org.springframework.web.servlet.ModelAndView com.sophia.web.system.UserController.user()
16:09:49.004 [main] INFO  o.s.w.s.m.m.a.RequestMappingHandlerMapping - Mapped "{[/error]}" onto public org.springframework.http.ResponseEntity<java.util.Map<java.lang.String, java.lang.Object>> org.springframework.boot.autoconfigure.web.BasicErrorController.error(javax.servlet.http.HttpServletRequest)
16:09:49.004 [main] INFO  o.s.w.s.m.m.a.RequestMappingHandlerMapping - Mapped "{[/error],produces=[text/html]}" onto public org.springframework.web.servlet.ModelAndView org.springframework.boot.autoconfigure.web.BasicErrorController.errorHtml(javax.servlet.http.HttpServletRequest,javax.servlet.http.HttpServletResponse)
16:09:49.040 [main] INFO  o.s.w.s.h.SimpleUrlHandlerMapping - Mapped URL path [/webjars/**] onto handler of type [class org.springframework.web.servlet.resource.ResourceHttpRequestHandler]
16:09:49.040 [main] INFO  o.s.w.s.h.SimpleUrlHandlerMapping - Mapped URL path [/**] onto handler of type [class org.springframework.web.servlet.resource.ResourceHttpRequestHandler]
16:09:49.061 [main] INFO  o.s.w.s.m.m.a.ExceptionHandlerExceptionResolver - Detected @ExceptionHandler methods in controllerAdviceExceptionHandler
16:09:49.091 [main] INFO  o.s.w.s.h.SimpleUrlHandlerMapping - Mapped URL path [/**/favicon.ico] onto handler of type [class org.springframework.web.servlet.resource.ResourceHttpRequestHandler]
16:09:49.706 [main] INFO  o.s.j.e.a.AnnotationMBeanExporter - Registering beans for JMX exposure on startup
16:09:49.804 [main] INFO  o.s.b.c.e.t.TomcatEmbeddedServletContainer - Tomcat started on port(s): 8088 (http)
16:09:49.811 [main] INFO  com.sophia.Application - Started Application in 5.895 seconds (JVM running for 9.329)
16:09:53.397 [http-nio-8088-exec-1] INFO  o.s.web.servlet.DispatcherServlet - FrameworkServlet 'dispatcherServlet': initialization started
16:09:53.412 [http-nio-8088-exec-1] INFO  o.s.web.servlet.DispatcherServlet - FrameworkServlet 'dispatcherServlet': initialization completed in 13 ms
