12:17:33.223 [http-nio-8088-exec-10] ERROR o.t.templateparser.ErrorHandler - [THYMELEAF][http-nio-8088-exec-10] Fatal error during parsing
org.xml.sax.SAXParseException: 元素类型 "img" 必须由匹配的结束标记 "</img>" 终止。
	at com.sun.org.apache.xerces.internal.util.ErrorHandlerWrapper.createSAXParseException(ErrorHandlerWrapper.java:198) ~[na:1.7.0_67]
	at com.sun.org.apache.xerces.internal.util.ErrorHandlerWrapper.fatalError(ErrorHandlerWrapper.java:177) ~[na:1.7.0_67]
	at com.sun.org.apache.xerces.internal.impl.XMLErrorReporter.reportError(XMLErrorReporter.java:441) [na:1.7.0_67]
	at com.sun.org.apache.xerces.internal.impl.XMLErrorReporter.reportError(XMLErrorReporter.java:368) [na:1.7.0_67]
	at com.sun.org.apache.xerces.internal.impl.XMLScanner.reportFatalError(XMLScanner.java:1436) [na:1.7.0_67]
	at com.sun.org.apache.xerces.internal.impl.XMLDocumentFragmentScannerImpl.scanEndElement(XMLDocumentFragmentScannerImpl.java:1749) [na:1.7.0_67]
	at com.sun.org.apache.xerces.internal.impl.XMLDocumentFragmentScannerImpl$FragmentContentDriver.next(XMLDocumentFragmentScannerImpl.java:2973) [na:1.7.0_67]
	at com.sun.org.apache.xerces.internal.impl.XMLDocumentScannerImpl.next(XMLDocumentScannerImpl.java:606) [na:1.7.0_67]
	at com.sun.org.apache.xerces.internal.impl.XMLDocumentFragmentScannerImpl.scanDocument(XMLDocumentFragmentScannerImpl.java:510) [na:1.7.0_67]
	at com.sun.org.apache.xerces.internal.parsers.XML11Configuration.parse(XML11Configuration.java:848) [na:1.7.0_67]
	at com.sun.org.apache.xerces.internal.parsers.XML11Configuration.parse(XML11Configuration.java:777) [na:1.7.0_67]
	at com.sun.org.apache.xerces.internal.parsers.XMLParser.parse(XMLParser.java:141) [na:1.7.0_67]
	at com.sun.org.apache.xerces.internal.parsers.AbstractSAXParser.parse(AbstractSAXParser.java:1213) [na:1.7.0_67]
	at com.sun.org.apache.xerces.internal.jaxp.SAXParserImpl$JAXPSAXParser.parse(SAXParserImpl.java:648) [na:1.7.0_67]
	at com.sun.org.apache.xerces.internal.jaxp.SAXParserImpl.parse(SAXParserImpl.java:332) [na:1.7.0_67]
	at org.thymeleaf.templateparser.xmlsax.AbstractNonValidatingSAXTemplateParser.doParse(AbstractNonValidatingSAXTemplateParser.java:209) [thymeleaf-2.1.4.RELEASE.jar:2.1.4.RELEASE]
	at org.thymeleaf.templateparser.xmlsax.AbstractNonValidatingSAXTemplateParser.parseTemplateUsingPool(AbstractNonValidatingSAXTemplateParser.java:134) [thymeleaf-2.1.4.RELEASE.jar:2.1.4.RELEASE]
	at org.thymeleaf.templateparser.xmlsax.AbstractNonValidatingSAXTemplateParser.parseTemplate(AbstractNonValidatingSAXTemplateParser.java:116) [thymeleaf-2.1.4.RELEASE.jar:2.1.4.RELEASE]
	at org.thymeleaf.TemplateRepository.getTemplate(TemplateRepository.java:278) [thymeleaf-2.1.4.RELEASE.jar:2.1.4.RELEASE]
	at org.thymeleaf.TemplateEngine.process(TemplateEngine.java:1104) [thymeleaf-2.1.4.RELEASE.jar:2.1.4.RELEASE]
	at org.thymeleaf.TemplateEngine.process(TemplateEngine.java:1060) [thymeleaf-2.1.4.RELEASE.jar:2.1.4.RELEASE]
	at org.thymeleaf.TemplateEngine.process(TemplateEngine.java:1011) [thymeleaf-2.1.4.RELEASE.jar:2.1.4.RELEASE]
	at org.thymeleaf.spring4.view.ThymeleafView.renderFragment(ThymeleafView.java:335) [thymeleaf-spring4-2.1.4.RELEASE.jar:2.1.4.RELEASE]
	at org.thymeleaf.spring4.view.ThymeleafView.render(ThymeleafView.java:190) [thymeleaf-spring4-2.1.4.RELEASE.jar:2.1.4.RELEASE]
	at org.springframework.web.servlet.DispatcherServlet.render(DispatcherServlet.java:1243) [spring-webmvc-4.2.4.RELEASE.jar:4.2.4.RELEASE]
	at org.springframework.web.servlet.DispatcherServlet.processDispatchResult(DispatcherServlet.java:1027) [spring-webmvc-4.2.4.RELEASE.jar:4.2.4.RELEASE]
	at org.springframework.web.servlet.DispatcherServlet.doDispatch(DispatcherServlet.java:971) [spring-webmvc-4.2.4.RELEASE.jar:4.2.4.RELEASE]
	at org.springframework.web.servlet.DispatcherServlet.doService(DispatcherServlet.java:893) [spring-webmvc-4.2.4.RELEASE.jar:4.2.4.RELEASE]
	at org.springframework.web.servlet.FrameworkServlet.processRequest(FrameworkServlet.java:969) [spring-webmvc-4.2.4.RELEASE.jar:4.2.4.RELEASE]
	at org.springframework.web.servlet.FrameworkServlet.doGet(FrameworkServlet.java:860) [spring-webmvc-4.2.4.RELEASE.jar:4.2.4.RELEASE]
	at javax.servlet.http.HttpServlet.service(HttpServlet.java:622) [tomcat-embed-core-8.0.30.jar:8.0.30]
	at org.springframework.web.servlet.FrameworkServlet.service(FrameworkServlet.java:845) [spring-webmvc-4.2.4.RELEASE.jar:4.2.4.RELEASE]
	at javax.servlet.http.HttpServlet.service(HttpServlet.java:729) [tomcat-embed-core-8.0.30.jar:8.0.30]
	at org.apache.catalina.core.ApplicationFilterChain.internalDoFilter(ApplicationFilterChain.java:291) [tomcat-embed-core-8.0.30.jar:8.0.30]
	at org.apache.catalina.core.ApplicationFilterChain.doFilter(ApplicationFilterChain.java:206) [tomcat-embed-core-8.0.30.jar:8.0.30]
	at org.apache.tomcat.websocket.server.WsFilter.doFilter(WsFilter.java:52) [tomcat-embed-websocket-8.0.30.jar:8.0.30]
	at org.apache.catalina.core.ApplicationFilterChain.internalDoFilter(ApplicationFilterChain.java:239) [tomcat-embed-core-8.0.30.jar:8.0.30]
	at org.apache.catalina.core.ApplicationFilterChain.doFilter(ApplicationFilterChain.java:206) [tomcat-embed-core-8.0.30.jar:8.0.30]
	at org.springframework.security.web.FilterChainProxy$VirtualFilterChain.doFilter(FilterChainProxy.java:316) [spring-security-web-4.0.3.RELEASE.jar:4.0.3.RELEASE]
	at org.springframework.security.web.access.intercept.FilterSecurityInterceptor.invoke(FilterSecurityInterceptor.java:126) [spring-security-web-4.0.3.RELEASE.jar:4.0.3.RELEASE]
	at org.springframework.security.web.access.intercept.FilterSecurityInterceptor.doFilter(FilterSecurityInterceptor.java:90) [spring-security-web-4.0.3.RELEASE.jar:4.0.3.RELEASE]
	at org.springframework.security.web.FilterChainProxy$VirtualFilterChain.doFilter(FilterChainProxy.java:330) [spring-security-web-4.0.3.RELEASE.jar:4.0.3.RELEASE]
	at org.springframework.security.web.access.ExceptionTranslationFilter.doFilter(ExceptionTranslationFilter.java:114) [spring-security-web-4.0.3.RELEASE.jar:4.0.3.RELEASE]
	at org.springframework.security.web.FilterChainProxy$VirtualFilterChain.doFilter(FilterChainProxy.java:330) [spring-security-web-4.0.3.RELEASE.jar:4.0.3.RELEASE]
	at org.springframework.security.web.session.SessionManagementFilter.doFilter(SessionManagementFilter.java:122) [spring-security-web-4.0.3.RELEASE.jar:4.0.3.RELEASE]
	at org.springframework.security.web.FilterChainProxy$VirtualFilterChain.doFilter(FilterChainProxy.java:330) [spring-security-web-4.0.3.RELEASE.jar:4.0.3.RELEASE]
	at org.springframework.security.web.authentication.AnonymousAuthenticationFilter.doFilter(AnonymousAuthenticationFilter.java:111) [spring-security-web-4.0.3.RELEASE.jar:4.0.3.RELEASE]
	at org.springframework.security.web.FilterChainProxy$VirtualFilterChain.doFilter(FilterChainProxy.java:330) [spring-security-web-4.0.3.RELEASE.jar:4.0.3.RELEASE]
	at org.springframework.security.web.servletapi.SecurityContextHolderAwareRequestFilter.doFilter(SecurityContextHolderAwareRequestFilter.java:169) [spring-security-web-4.0.3.RELEASE.jar:4.0.3.RELEASE]
	at org.springframework.security.web.FilterChainProxy$VirtualFilterChain.doFilter(FilterChainProxy.java:330) [spring-security-web-4.0.3.RELEASE.jar:4.0.3.RELEASE]
	at org.springframework.security.web.savedrequest.RequestCacheAwareFilter.doFilter(RequestCacheAwareFilter.java:48) [spring-security-web-4.0.3.RELEASE.jar:4.0.3.RELEASE]
	at org.springframework.security.web.FilterChainProxy$VirtualFilterChain.doFilter(FilterChainProxy.java:330) [spring-security-web-4.0.3.RELEASE.jar:4.0.3.RELEASE]
	at org.springframework.security.web.session.ConcurrentSessionFilter.doFilter(ConcurrentSessionFilter.java:133) [spring-security-web-4.0.3.RELEASE.jar:4.0.3.RELEASE]
	at org.springframework.security.web.FilterChainProxy$VirtualFilterChain.doFilter(FilterChainProxy.java:330) [spring-security-web-4.0.3.RELEASE.jar:4.0.3.RELEASE]
	at org.springframework.security.web.authentication.AbstractAuthenticationProcessingFilter.doFilter(AbstractAuthenticationProcessingFilter.java:205) [spring-security-web-4.0.3.RELEASE.jar:4.0.3.RELEASE]
	at org.springframework.security.web.FilterChainProxy$VirtualFilterChain.doFilter(FilterChainProxy.java:330) [spring-security-web-4.0.3.RELEASE.jar:4.0.3.RELEASE]
	at org.springframework.security.web.authentication.logout.LogoutFilter.doFilter(LogoutFilter.java:120) [spring-security-web-4.0.3.RELEASE.jar:4.0.3.RELEASE]
	at org.springframework.security.web.FilterChainProxy$VirtualFilterChain.doFilter(FilterChainProxy.java:330) [spring-security-web-4.0.3.RELEASE.jar:4.0.3.RELEASE]
	at org.springframework.security.web.header.HeaderWriterFilter.doFilterInternal(HeaderWriterFilter.java:64) [spring-security-web-4.0.3.RELEASE.jar:4.0.3.RELEASE]
	at org.springframework.web.filter.OncePerRequestFilter.doFilter(OncePerRequestFilter.java:107) [spring-web-4.2.4.RELEASE.jar:4.2.4.RELEASE]
	at org.springframework.security.web.FilterChainProxy$VirtualFilterChain.doFilter(FilterChainProxy.java:330) [spring-security-web-4.0.3.RELEASE.jar:4.0.3.RELEASE]
	at org.springframework.security.web.context.SecurityContextPersistenceFilter.doFilter(SecurityContextPersistenceFilter.java:91) [spring-security-web-4.0.3.RELEASE.jar:4.0.3.RELEASE]
	at org.springframework.security.web.FilterChainProxy$VirtualFilterChain.doFilter(FilterChainProxy.java:330) [spring-security-web-4.0.3.RELEASE.jar:4.0.3.RELEASE]
	at org.springframework.security.web.context.request.async.WebAsyncManagerIntegrationFilter.doFilterInternal(WebAsyncManagerIntegrationFilter.java:53) [spring-security-web-4.0.3.RELEASE.jar:4.0.3.RELEASE]
	at org.springframework.web.filter.OncePerRequestFilter.doFilter(OncePerRequestFilter.java:107) [spring-web-4.2.4.RELEASE.jar:4.2.4.RELEASE]
	at org.springframework.security.web.FilterChainProxy$VirtualFilterChain.doFilter(FilterChainProxy.java:330) [spring-security-web-4.0.3.RELEASE.jar:4.0.3.RELEASE]
	at org.springframework.security.web.FilterChainProxy.doFilterInternal(FilterChainProxy.java:213) [spring-security-web-4.0.3.RELEASE.jar:4.0.3.RELEASE]
	at org.springframework.security.web.FilterChainProxy.doFilter(FilterChainProxy.java:176) [spring-security-web-4.0.3.RELEASE.jar:4.0.3.RELEASE]
	at org.springframework.web.filter.DelegatingFilterProxy.invokeDelegate(DelegatingFilterProxy.java:346) [spring-web-4.2.4.RELEASE.jar:4.2.4.RELEASE]
	at org.springframework.web.filter.DelegatingFilterProxy.doFilter(DelegatingFilterProxy.java:262) [spring-web-4.2.4.RELEASE.jar:4.2.4.RELEASE]
	at org.apache.catalina.core.ApplicationFilterChain.internalDoFilter(ApplicationFilterChain.java:239) [tomcat-embed-core-8.0.30.jar:8.0.30]
	at org.apache.catalina.core.ApplicationFilterChain.doFilter(ApplicationFilterChain.java:206) [tomcat-embed-core-8.0.30.jar:8.0.30]
	at org.springframework.web.filter.RequestContextFilter.doFilterInternal(RequestContextFilter.java:99) [spring-web-4.2.4.RELEASE.jar:4.2.4.RELEASE]
	at org.springframework.web.filter.OncePerRequestFilter.doFilter(OncePerRequestFilter.java:107) [spring-web-4.2.4.RELEASE.jar:4.2.4.RELEASE]
	at org.apache.catalina.core.ApplicationFilterChain.internalDoFilter(ApplicationFilterChain.java:239) [tomcat-embed-core-8.0.30.jar:8.0.30]
	at org.apache.catalina.core.ApplicationFilterChain.doFilter(ApplicationFilterChain.java:206) [tomcat-embed-core-8.0.30.jar:8.0.30]
	at org.springframework.web.filter.HttpPutFormContentFilter.doFilterInternal(HttpPutFormContentFilter.java:87) [spring-web-4.2.4.RELEASE.jar:4.2.4.RELEASE]
	at org.springframework.web.filter.OncePerRequestFilter.doFilter(OncePerRequestFilter.java:107) [spring-web-4.2.4.RELEASE.jar:4.2.4.RELEASE]
	at org.apache.catalina.core.ApplicationFilterChain.internalDoFilter(ApplicationFilterChain.java:239) [tomcat-embed-core-8.0.30.jar:8.0.30]
	at org.apache.catalina.core.ApplicationFilterChain.doFilter(ApplicationFilterChain.java:206) [tomcat-embed-core-8.0.30.jar:8.0.30]
	at org.springframework.web.filter.HiddenHttpMethodFilter.doFilterInternal(HiddenHttpMethodFilter.java:77) [spring-web-4.2.4.RELEASE.jar:4.2.4.RELEASE]
	at org.springframework.web.filter.OncePerRequestFilter.doFilter(OncePerRequestFilter.java:107) [spring-web-4.2.4.RELEASE.jar:4.2.4.RELEASE]
	at org.apache.catalina.core.ApplicationFilterChain.internalDoFilter(ApplicationFilterChain.java:239) [tomcat-embed-core-8.0.30.jar:8.0.30]
	at org.apache.catalina.core.ApplicationFilterChain.doFilter(ApplicationFilterChain.java:206) [tomcat-embed-core-8.0.30.jar:8.0.30]
	at org.springframework.web.filter.CharacterEncodingFilter.doFilterInternal(CharacterEncodingFilter.java:121) [spring-web-4.2.4.RELEASE.jar:4.2.4.RELEASE]
	at org.springframework.web.filter.OncePerRequestFilter.doFilter(OncePerRequestFilter.java:107) [spring-web-4.2.4.RELEASE.jar:4.2.4.RELEASE]
	at org.apache.catalina.core.ApplicationFilterChain.internalDoFilter(ApplicationFilterChain.java:239) [tomcat-embed-core-8.0.30.jar:8.0.30]
	at org.apache.catalina.core.ApplicationFilterChain.doFilter(ApplicationFilterChain.java:206) [tomcat-embed-core-8.0.30.jar:8.0.30]
	at org.apache.catalina.core.StandardWrapperValve.invoke(StandardWrapperValve.java:212) [tomcat-embed-core-8.0.30.jar:8.0.30]
	at org.apache.catalina.core.StandardContextValve.invoke(StandardContextValve.java:106) [tomcat-embed-core-8.0.30.jar:8.0.30]
	at org.apache.catalina.authenticator.AuthenticatorBase.invoke(AuthenticatorBase.java:502) [tomcat-embed-core-8.0.30.jar:8.0.30]
	at org.apache.catalina.core.StandardHostValve.invoke(StandardHostValve.java:141) [tomcat-embed-core-8.0.30.jar:8.0.30]
	at org.apache.catalina.valves.ErrorReportValve.invoke(ErrorReportValve.java:79) [tomcat-embed-core-8.0.30.jar:8.0.30]
	at org.apache.catalina.core.StandardEngineValve.invoke(StandardEngineValve.java:88) [tomcat-embed-core-8.0.30.jar:8.0.30]
	at org.apache.catalina.connector.CoyoteAdapter.service(CoyoteAdapter.java:521) [tomcat-embed-core-8.0.30.jar:8.0.30]
	at org.apache.coyote.http11.AbstractHttp11Processor.process(AbstractHttp11Processor.java:1096) [tomcat-embed-core-8.0.30.jar:8.0.30]
	at org.apache.coyote.AbstractProtocol$AbstractConnectionHandler.process(AbstractProtocol.java:674) [tomcat-embed-core-8.0.30.jar:8.0.30]
	at org.apache.tomcat.util.net.NioEndpoint$SocketProcessor.doRun(NioEndpoint.java:1500) [tomcat-embed-core-8.0.30.jar:8.0.30]
	at org.apache.tomcat.util.net.NioEndpoint$SocketProcessor.run(NioEndpoint.java:1456) [tomcat-embed-core-8.0.30.jar:8.0.30]
	at java.util.concurrent.ThreadPoolExecutor.runWorker(ThreadPoolExecutor.java:1145) [na:1.7.0_67]
	at java.util.concurrent.ThreadPoolExecutor$Worker.run(ThreadPoolExecutor.java:615) [na:1.7.0_67]
	at org.apache.tomcat.util.threads.TaskThread$WrappingRunnable.run(TaskThread.java:61) [tomcat-embed-core-8.0.30.jar:8.0.30]
	at java.lang.Thread.run(Thread.java:745) [na:1.7.0_67]
12:17:33.229 [http-nio-8088-exec-10] ERROR org.thymeleaf.TemplateEngine - [THYMELEAF][http-nio-8088-exec-10] Exception processing template "login": Exception parsing document: template="login", line 39 - column 6
12:17:33.233 [http-nio-8088-exec-10] ERROR o.a.c.c.C.[.[.[.[dispatcherServlet] - Servlet.service() for servlet [dispatcherServlet] in context with path [] threw exception [Request processing failed; nested exception is org.thymeleaf.exceptions.TemplateInputException: Exception parsing document: template="login", line 39 - column 6] with root cause
org.xml.sax.SAXParseException: 元素类型 "img" 必须由匹配的结束标记 "</img>" 终止。
	at com.sun.org.apache.xerces.internal.util.ErrorHandlerWrapper.createSAXParseException(ErrorHandlerWrapper.java:198) ~[na:1.7.0_67]
	at com.sun.org.apache.xerces.internal.util.ErrorHandlerWrapper.fatalError(ErrorHandlerWrapper.java:177) ~[na:1.7.0_67]
	at com.sun.org.apache.xerces.internal.impl.XMLErrorReporter.reportError(XMLErrorReporter.java:441) ~[na:1.7.0_67]
	at com.sun.org.apache.xerces.internal.impl.XMLErrorReporter.reportError(XMLErrorReporter.java:368) ~[na:1.7.0_67]
	at com.sun.org.apache.xerces.internal.impl.XMLScanner.reportFatalError(XMLScanner.java:1436) ~[na:1.7.0_67]
	at com.sun.org.apache.xerces.internal.impl.XMLDocumentFragmentScannerImpl.scanEndElement(XMLDocumentFragmentScannerImpl.java:1749) ~[na:1.7.0_67]
	at com.sun.org.apache.xerces.internal.impl.XMLDocumentFragmentScannerImpl$FragmentContentDriver.next(XMLDocumentFragmentScannerImpl.java:2973) ~[na:1.7.0_67]
	at com.sun.org.apache.xerces.internal.impl.XMLDocumentScannerImpl.next(XMLDocumentScannerImpl.java:606) ~[na:1.7.0_67]
	at com.sun.org.apache.xerces.internal.impl.XMLDocumentFragmentScannerImpl.scanDocument(XMLDocumentFragmentScannerImpl.java:510) ~[na:1.7.0_67]
	at com.sun.org.apache.xerces.internal.parsers.XML11Configuration.parse(XML11Configuration.java:848) ~[na:1.7.0_67]
	at com.sun.org.apache.xerces.internal.parsers.XML11Configuration.parse(XML11Configuration.java:777) ~[na:1.7.0_67]
	at com.sun.org.apache.xerces.internal.parsers.XMLParser.parse(XMLParser.java:141) ~[na:1.7.0_67]
	at com.sun.org.apache.xerces.internal.parsers.AbstractSAXParser.parse(AbstractSAXParser.java:1213) ~[na:1.7.0_67]
	at com.sun.org.apache.xerces.internal.jaxp.SAXParserImpl$JAXPSAXParser.parse(SAXParserImpl.java:648) ~[na:1.7.0_67]
	at com.sun.org.apache.xerces.internal.jaxp.SAXParserImpl.parse(SAXParserImpl.java:332) ~[na:1.7.0_67]
	at org.thymeleaf.templateparser.xmlsax.AbstractNonValidatingSAXTemplateParser.doParse(AbstractNonValidatingSAXTemplateParser.java:209) ~[thymeleaf-2.1.4.RELEASE.jar:2.1.4.RELEASE]
	at org.thymeleaf.templateparser.xmlsax.AbstractNonValidatingSAXTemplateParser.parseTemplateUsingPool(AbstractNonValidatingSAXTemplateParser.java:134) ~[thymeleaf-2.1.4.RELEASE.jar:2.1.4.RELEASE]
	at org.thymeleaf.templateparser.xmlsax.AbstractNonValidatingSAXTemplateParser.parseTemplate(AbstractNonValidatingSAXTemplateParser.java:116) ~[thymeleaf-2.1.4.RELEASE.jar:2.1.4.RELEASE]
	at org.thymeleaf.TemplateRepository.getTemplate(TemplateRepository.java:278) ~[thymeleaf-2.1.4.RELEASE.jar:2.1.4.RELEASE]
	at org.thymeleaf.TemplateEngine.process(TemplateEngine.java:1104) ~[thymeleaf-2.1.4.RELEASE.jar:2.1.4.RELEASE]
	at org.thymeleaf.TemplateEngine.process(TemplateEngine.java:1060) ~[thymeleaf-2.1.4.RELEASE.jar:2.1.4.RELEASE]
	at org.thymeleaf.TemplateEngine.process(TemplateEngine.java:1011) ~[thymeleaf-2.1.4.RELEASE.jar:2.1.4.RELEASE]
	at org.thymeleaf.spring4.view.ThymeleafView.renderFragment(ThymeleafView.java:335) ~[thymeleaf-spring4-2.1.4.RELEASE.jar:2.1.4.RELEASE]
	at org.thymeleaf.spring4.view.ThymeleafView.render(ThymeleafView.java:190) ~[thymeleaf-spring4-2.1.4.RELEASE.jar:2.1.4.RELEASE]
	at org.springframework.web.servlet.DispatcherServlet.render(DispatcherServlet.java:1243) ~[spring-webmvc-4.2.4.RELEASE.jar:4.2.4.RELEASE]
	at org.springframework.web.servlet.DispatcherServlet.processDispatchResult(DispatcherServlet.java:1027) ~[spring-webmvc-4.2.4.RELEASE.jar:4.2.4.RELEASE]
	at org.springframework.web.servlet.DispatcherServlet.doDispatch(DispatcherServlet.java:971) ~[spring-webmvc-4.2.4.RELEASE.jar:4.2.4.RELEASE]
	at org.springframework.web.servlet.DispatcherServlet.doService(DispatcherServlet.java:893) ~[spring-webmvc-4.2.4.RELEASE.jar:4.2.4.RELEASE]
	at org.springframework.web.servlet.FrameworkServlet.processRequest(FrameworkServlet.java:969) ~[spring-webmvc-4.2.4.RELEASE.jar:4.2.4.RELEASE]
	at org.springframework.web.servlet.FrameworkServlet.doGet(FrameworkServlet.java:860) ~[spring-webmvc-4.2.4.RELEASE.jar:4.2.4.RELEASE]
	at javax.servlet.http.HttpServlet.service(HttpServlet.java:622) ~[tomcat-embed-core-8.0.30.jar:8.0.30]
	at org.springframework.web.servlet.FrameworkServlet.service(FrameworkServlet.java:845) ~[spring-webmvc-4.2.4.RELEASE.jar:4.2.4.RELEASE]
	at javax.servlet.http.HttpServlet.service(HttpServlet.java:729) ~[tomcat-embed-core-8.0.30.jar:8.0.30]
	at org.apache.catalina.core.ApplicationFilterChain.internalDoFilter(ApplicationFilterChain.java:291) ~[tomcat-embed-core-8.0.30.jar:8.0.30]
	at org.apache.catalina.core.ApplicationFilterChain.doFilter(ApplicationFilterChain.java:206) ~[tomcat-embed-core-8.0.30.jar:8.0.30]
	at org.apache.tomcat.websocket.server.WsFilter.doFilter(WsFilter.java:52) ~[tomcat-embed-websocket-8.0.30.jar:8.0.30]
	at org.apache.catalina.core.ApplicationFilterChain.internalDoFilter(ApplicationFilterChain.java:239) ~[tomcat-embed-core-8.0.30.jar:8.0.30]
	at org.apache.catalina.core.ApplicationFilterChain.doFilter(ApplicationFilterChain.java:206) ~[tomcat-embed-core-8.0.30.jar:8.0.30]
	at org.springframework.security.web.FilterChainProxy$VirtualFilterChain.doFilter(FilterChainProxy.java:316) ~[spring-security-web-4.0.3.RELEASE.jar:4.0.3.RELEASE]
	at org.springframework.security.web.access.intercept.FilterSecurityInterceptor.invoke(FilterSecurityInterceptor.java:126) ~[spring-security-web-4.0.3.RELEASE.jar:4.0.3.RELEASE]
	at org.springframework.security.web.access.intercept.FilterSecurityInterceptor.doFilter(FilterSecurityInterceptor.java:90) ~[spring-security-web-4.0.3.RELEASE.jar:4.0.3.RELEASE]
	at org.springframework.security.web.FilterChainProxy$VirtualFilterChain.doFilter(FilterChainProxy.java:330) ~[spring-security-web-4.0.3.RELEASE.jar:4.0.3.RELEASE]
	at org.springframework.security.web.access.ExceptionTranslationFilter.doFilter(ExceptionTranslationFilter.java:114) ~[spring-security-web-4.0.3.RELEASE.jar:4.0.3.RELEASE]
	at org.springframework.security.web.FilterChainProxy$VirtualFilterChain.doFilter(FilterChainProxy.java:330) ~[spring-security-web-4.0.3.RELEASE.jar:4.0.3.RELEASE]
	at org.springframework.security.web.session.SessionManagementFilter.doFilter(SessionManagementFilter.java:122) ~[spring-security-web-4.0.3.RELEASE.jar:4.0.3.RELEASE]
	at org.springframework.security.web.FilterChainProxy$VirtualFilterChain.doFilter(FilterChainProxy.java:330) ~[spring-security-web-4.0.3.RELEASE.jar:4.0.3.RELEASE]
	at org.springframework.security.web.authentication.AnonymousAuthenticationFilter.doFilter(AnonymousAuthenticationFilter.java:111) ~[spring-security-web-4.0.3.RELEASE.jar:4.0.3.RELEASE]
	at org.springframework.security.web.FilterChainProxy$VirtualFilterChain.doFilter(FilterChainProxy.java:330) ~[spring-security-web-4.0.3.RELEASE.jar:4.0.3.RELEASE]
	at org.springframework.security.web.servletapi.SecurityContextHolderAwareRequestFilter.doFilter(SecurityContextHolderAwareRequestFilter.java:169) ~[spring-security-web-4.0.3.RELEASE.jar:4.0.3.RELEASE]
	at org.springframework.security.web.FilterChainProxy$VirtualFilterChain.doFilter(FilterChainProxy.java:330) ~[spring-security-web-4.0.3.RELEASE.jar:4.0.3.RELEASE]
	at org.springframework.security.web.savedrequest.RequestCacheAwareFilter.doFilter(RequestCacheAwareFilter.java:48) ~[spring-security-web-4.0.3.RELEASE.jar:4.0.3.RELEASE]
	at org.springframework.security.web.FilterChainProxy$VirtualFilterChain.doFilter(FilterChainProxy.java:330) ~[spring-security-web-4.0.3.RELEASE.jar:4.0.3.RELEASE]
	at org.springframework.security.web.session.ConcurrentSessionFilter.doFilter(ConcurrentSessionFilter.java:133) ~[spring-security-web-4.0.3.RELEASE.jar:4.0.3.RELEASE]
	at org.springframework.security.web.FilterChainProxy$VirtualFilterChain.doFilter(FilterChainProxy.java:330) ~[spring-security-web-4.0.3.RELEASE.jar:4.0.3.RELEASE]
	at org.springframework.security.web.authentication.AbstractAuthenticationProcessingFilter.doFilter(AbstractAuthenticationProcessingFilter.java:205) ~[spring-security-web-4.0.3.RELEASE.jar:4.0.3.RELEASE]
	at org.springframework.security.web.FilterChainProxy$VirtualFilterChain.doFilter(FilterChainProxy.java:330) ~[spring-security-web-4.0.3.RELEASE.jar:4.0.3.RELEASE]
	at org.springframework.security.web.authentication.logout.LogoutFilter.doFilter(LogoutFilter.java:120) ~[spring-security-web-4.0.3.RELEASE.jar:4.0.3.RELEASE]
	at org.springframework.security.web.FilterChainProxy$VirtualFilterChain.doFilter(FilterChainProxy.java:330) ~[spring-security-web-4.0.3.RELEASE.jar:4.0.3.RELEASE]
	at org.springframework.security.web.header.HeaderWriterFilter.doFilterInternal(HeaderWriterFilter.java:64) ~[spring-security-web-4.0.3.RELEASE.jar:4.0.3.RELEASE]
	at org.springframework.web.filter.OncePerRequestFilter.doFilter(OncePerRequestFilter.java:107) ~[spring-web-4.2.4.RELEASE.jar:4.2.4.RELEASE]
	at org.springframework.security.web.FilterChainProxy$VirtualFilterChain.doFilter(FilterChainProxy.java:330) ~[spring-security-web-4.0.3.RELEASE.jar:4.0.3.RELEASE]
	at org.springframework.security.web.context.SecurityContextPersistenceFilter.doFilter(SecurityContextPersistenceFilter.java:91) ~[spring-security-web-4.0.3.RELEASE.jar:4.0.3.RELEASE]
	at org.springframework.security.web.FilterChainProxy$VirtualFilterChain.doFilter(FilterChainProxy.java:330) ~[spring-security-web-4.0.3.RELEASE.jar:4.0.3.RELEASE]
	at org.springframework.security.web.context.request.async.WebAsyncManagerIntegrationFilter.doFilterInternal(WebAsyncManagerIntegrationFilter.java:53) ~[spring-security-web-4.0.3.RELEASE.jar:4.0.3.RELEASE]
	at org.springframework.web.filter.OncePerRequestFilter.doFilter(OncePerRequestFilter.java:107) ~[spring-web-4.2.4.RELEASE.jar:4.2.4.RELEASE]
	at org.springframework.security.web.FilterChainProxy$VirtualFilterChain.doFilter(FilterChainProxy.java:330) ~[spring-security-web-4.0.3.RELEASE.jar:4.0.3.RELEASE]
	at org.springframework.security.web.FilterChainProxy.doFilterInternal(FilterChainProxy.java:213) ~[spring-security-web-4.0.3.RELEASE.jar:4.0.3.RELEASE]
	at org.springframework.security.web.FilterChainProxy.doFilter(FilterChainProxy.java:176) ~[spring-security-web-4.0.3.RELEASE.jar:4.0.3.RELEASE]
	at org.springframework.web.filter.DelegatingFilterProxy.invokeDelegate(DelegatingFilterProxy.java:346) ~[spring-web-4.2.4.RELEASE.jar:4.2.4.RELEASE]
	at org.springframework.web.filter.DelegatingFilterProxy.doFilter(DelegatingFilterProxy.java:262) ~[spring-web-4.2.4.RELEASE.jar:4.2.4.RELEASE]
	at org.apache.catalina.core.ApplicationFilterChain.internalDoFilter(ApplicationFilterChain.java:239) ~[tomcat-embed-core-8.0.30.jar:8.0.30]
	at org.apache.catalina.core.ApplicationFilterChain.doFilter(ApplicationFilterChain.java:206) ~[tomcat-embed-core-8.0.30.jar:8.0.30]
	at org.springframework.web.filter.RequestContextFilter.doFilterInternal(RequestContextFilter.java:99) ~[spring-web-4.2.4.RELEASE.jar:4.2.4.RELEASE]
	at org.springframework.web.filter.OncePerRequestFilter.doFilter(OncePerRequestFilter.java:107) ~[spring-web-4.2.4.RELEASE.jar:4.2.4.RELEASE]
	at org.apache.catalina.core.ApplicationFilterChain.internalDoFilter(ApplicationFilterChain.java:239) ~[tomcat-embed-core-8.0.30.jar:8.0.30]
	at org.apache.catalina.core.ApplicationFilterChain.doFilter(ApplicationFilterChain.java:206) ~[tomcat-embed-core-8.0.30.jar:8.0.30]
	at org.springframework.web.filter.HttpPutFormContentFilter.doFilterInternal(HttpPutFormContentFilter.java:87) ~[spring-web-4.2.4.RELEASE.jar:4.2.4.RELEASE]
	at org.springframework.web.filter.OncePerRequestFilter.doFilter(OncePerRequestFilter.java:107) ~[spring-web-4.2.4.RELEASE.jar:4.2.4.RELEASE]
	at org.apache.catalina.core.ApplicationFilterChain.internalDoFilter(ApplicationFilterChain.java:239) ~[tomcat-embed-core-8.0.30.jar:8.0.30]
	at org.apache.catalina.core.ApplicationFilterChain.doFilter(ApplicationFilterChain.java:206) ~[tomcat-embed-core-8.0.30.jar:8.0.30]
	at org.springframework.web.filter.HiddenHttpMethodFilter.doFilterInternal(HiddenHttpMethodFilter.java:77) ~[spring-web-4.2.4.RELEASE.jar:4.2.4.RELEASE]
	at org.springframework.web.filter.OncePerRequestFilter.doFilter(OncePerRequestFilter.java:107) ~[spring-web-4.2.4.RELEASE.jar:4.2.4.RELEASE]
	at org.apache.catalina.core.ApplicationFilterChain.internalDoFilter(ApplicationFilterChain.java:239) ~[tomcat-embed-core-8.0.30.jar:8.0.30]
	at org.apache.catalina.core.ApplicationFilterChain.doFilter(ApplicationFilterChain.java:206) ~[tomcat-embed-core-8.0.30.jar:8.0.30]
	at org.springframework.web.filter.CharacterEncodingFilter.doFilterInternal(CharacterEncodingFilter.java:121) ~[spring-web-4.2.4.RELEASE.jar:4.2.4.RELEASE]
	at org.springframework.web.filter.OncePerRequestFilter.doFilter(OncePerRequestFilter.java:107) ~[spring-web-4.2.4.RELEASE.jar:4.2.4.RELEASE]
	at org.apache.catalina.core.ApplicationFilterChain.internalDoFilter(ApplicationFilterChain.java:239) ~[tomcat-embed-core-8.0.30.jar:8.0.30]
	at org.apache.catalina.core.ApplicationFilterChain.doFilter(ApplicationFilterChain.java:206) ~[tomcat-embed-core-8.0.30.jar:8.0.30]
	at org.apache.catalina.core.StandardWrapperValve.invoke(StandardWrapperValve.java:212) ~[tomcat-embed-core-8.0.30.jar:8.0.30]
	at org.apache.catalina.core.StandardContextValve.invoke(StandardContextValve.java:106) [tomcat-embed-core-8.0.30.jar:8.0.30]
	at org.apache.catalina.authenticator.AuthenticatorBase.invoke(AuthenticatorBase.java:502) [tomcat-embed-core-8.0.30.jar:8.0.30]
	at org.apache.catalina.core.StandardHostValve.invoke(StandardHostValve.java:141) [tomcat-embed-core-8.0.30.jar:8.0.30]
	at org.apache.catalina.valves.ErrorReportValve.invoke(ErrorReportValve.java:79) [tomcat-embed-core-8.0.30.jar:8.0.30]
	at org.apache.catalina.core.StandardEngineValve.invoke(StandardEngineValve.java:88) [tomcat-embed-core-8.0.30.jar:8.0.30]
	at org.apache.catalina.connector.CoyoteAdapter.service(CoyoteAdapter.java:521) [tomcat-embed-core-8.0.30.jar:8.0.30]
	at org.apache.coyote.http11.AbstractHttp11Processor.process(AbstractHttp11Processor.java:1096) [tomcat-embed-core-8.0.30.jar:8.0.30]
	at org.apache.coyote.AbstractProtocol$AbstractConnectionHandler.process(AbstractProtocol.java:674) [tomcat-embed-core-8.0.30.jar:8.0.30]
	at org.apache.tomcat.util.net.NioEndpoint$SocketProcessor.doRun(NioEndpoint.java:1500) [tomcat-embed-core-8.0.30.jar:8.0.30]
	at org.apache.tomcat.util.net.NioEndpoint$SocketProcessor.run(NioEndpoint.java:1456) [tomcat-embed-core-8.0.30.jar:8.0.30]
	at java.util.concurrent.ThreadPoolExecutor.runWorker(ThreadPoolExecutor.java:1145) [na:1.7.0_67]
	at java.util.concurrent.ThreadPoolExecutor$Worker.run(ThreadPoolExecutor.java:615) [na:1.7.0_67]
	at org.apache.tomcat.util.threads.TaskThread$WrappingRunnable.run(TaskThread.java:61) [tomcat-embed-core-8.0.30.jar:8.0.30]
	at java.lang.Thread.run(Thread.java:745) [na:1.7.0_67]
