11:00:08.208 [main] INFO  com.sophia.Application - Starting Application v0.0.1-SNAPSHOT on PC-NINGZUOKUN with PID 4192 (D:\m2\com\sophia\development-framework\0.0.1-SNAPSHOT\development-framework-0.0.1-SNAPSHOT.jar started by ningzuokun in D:\code\development\development-search)
11:00:08.208 [main] INFO  com.sophia.Application - No active profile set, falling back to default profiles: default
11:00:08.411 [main] INFO  o.s.b.c.e.AnnotationConfigEmbeddedWebApplicationContext - Refreshing org.springframework.boot.context.embedded.AnnotationConfigEmbeddedWebApplicationContext@4bae06b5: startup date [Tue May 10 11:00:08 CST 2016]; root of context hierarchy
11:00:09.347 [main] INFO  o.s.b.f.s.DefaultListableBeanFactory - Overriding bean definition for bean 'beanNameViewResolver' with a different definition: replacing [Root bean: class [null]; scope=; abstract=false; lazyInit=false; autowireMode=3; dependencyCheck=0; autowireCandidate=true; primary=false; factoryBeanName=org.springframework.boot.autoconfigure.web.ErrorMvcAutoConfiguration$WhitelabelErrorViewConfiguration; factoryMethodName=beanNameViewResolver; initMethodName=null; destroyMethodName=(inferred); defined in class path resource [org/springframework/boot/autoconfigure/web/ErrorMvcAutoConfiguration$WhitelabelErrorViewConfiguration.class]] with [Root bean: class [null]; scope=; abstract=false; lazyInit=false; autowireMode=3; dependencyCheck=0; autowireCandidate=true; primary=false; factoryBeanName=org.springframework.boot.autoconfigure.web.WebMvcAutoConfiguration$WebMvcAutoConfigurationAdapter; factoryMethodName=beanNameViewResolver; initMethodName=null; destroyMethodName=(inferred); defined in class path resource [org/springframework/boot/autoconfigure/web/WebMvcAutoConfiguration$WebMvcAutoConfigurationAdapter.class]]
11:00:09.862 [main] INFO  o.s.c.s.PostProcessorRegistrationDelegate$BeanPostProcessorChecker - Bean 'org.springframework.transaction.annotation.ProxyTransactionManagementConfiguration' of type [class org.springframework.transaction.annotation.ProxyTransactionManagementConfiguration$$EnhancerBySpringCGLIB$$9143c372] is not eligible for getting processed by all BeanPostProcessors (for example: not eligible for auto-proxying)
11:00:09.909 [main] INFO  o.s.c.s.PostProcessorRegistrationDelegate$BeanPostProcessorChecker - Bean 'org.springframework.security.config.annotation.configuration.ObjectPostProcessorConfiguration' of type [class org.springframework.security.config.annotation.configuration.ObjectPostProcessorConfiguration$$EnhancerBySpringCGLIB$$ba650c6c] is not eligible for getting processed by all BeanPostProcessors (for example: not eligible for auto-proxying)
11:00:09.925 [main] INFO  o.s.c.s.PostProcessorRegistrationDelegate$BeanPostProcessorChecker - Bean 'objectPostProcessor' of type [class org.springframework.security.config.annotation.configuration.AutowireBeanFactoryObjectPostProcessor] is not eligible for getting processed by all BeanPostProcessors (for example: not eligible for auto-proxying)
11:00:09.925 [main] INFO  o.s.c.s.PostProcessorRegistrationDelegate$BeanPostProcessorChecker - Bean 'org.springframework.security.access.expression.method.DefaultMethodSecurityExpressionHandler@22c96eab' of type [class org.springframework.security.access.expression.method.DefaultMethodSecurityExpressionHandler] is not eligible for getting processed by all BeanPostProcessors (for example: not eligible for auto-proxying)
11:00:09.940 [main] INFO  o.s.c.s.PostProcessorRegistrationDelegate$BeanPostProcessorChecker - Bean 'org.springframework.security.config.annotation.method.configuration.GlobalMethodSecurityConfiguration' of type [class org.springframework.security.config.annotation.method.configuration.GlobalMethodSecurityConfiguration$$EnhancerBySpringCGLIB$$6d4340de] is not eligible for getting processed by all BeanPostProcessors (for example: not eligible for auto-proxying)
11:00:09.940 [main] INFO  o.s.c.s.PostProcessorRegistrationDelegate$BeanPostProcessorChecker - Bean 'methodSecurityMetadataSource' of type [class org.springframework.security.access.method.DelegatingMethodSecurityMetadataSource] is not eligible for getting processed by all BeanPostProcessors (for example: not eligible for auto-proxying)
11:00:10.315 [main] INFO  o.s.b.c.e.t.TomcatEmbeddedServletContainer - Tomcat initialized with port(s): 8088 (http)
11:00:10.393 [localhost-startStop-1] INFO  o.s.web.context.ContextLoader - Root WebApplicationContext: initialization completed in 1982 ms
11:00:10.737 [localhost-startStop-1] INFO  o.s.b.c.e.FilterRegistrationBean - Mapping filter: 'characterEncodingFilter' to: [/*]
11:00:10.737 [localhost-startStop-1] INFO  o.s.b.c.e.FilterRegistrationBean - Mapping filter: 'hiddenHttpMethodFilter' to: [/*]
11:00:10.737 [localhost-startStop-1] INFO  o.s.b.c.e.FilterRegistrationBean - Mapping filter: 'httpPutFormContentFilter' to: [/*]
11:00:10.737 [localhost-startStop-1] INFO  o.s.b.c.e.FilterRegistrationBean - Mapping filter: 'requestContextFilter' to: [/*]
11:00:10.737 [localhost-startStop-1] INFO  o.s.b.c.e.DelegatingFilterProxyRegistrationBean - Mapping filter: 'springSecurityFilterChain' to: [/*]
11:00:10.737 [localhost-startStop-1] INFO  o.s.b.c.e.ServletRegistrationBean - Mapping servlet: 'dispatcherServlet' to [/]
11:00:11.049 [localhost-startStop-1] INFO  o.s.b.a.s.AuthenticationManagerConfiguration - 

Using default security password: e91b1e4d-f9a0-4997-b80f-68395d4ee796

11:00:11.049 [localhost-startStop-1] INFO  o.s.s.web.DefaultSecurityFilterChain - Creating filter chain: Ant [pattern='/css/**'], []
11:00:11.049 [localhost-startStop-1] INFO  o.s.s.web.DefaultSecurityFilterChain - Creating filter chain: Ant [pattern='/js/**'], []
11:00:11.049 [localhost-startStop-1] INFO  o.s.s.web.DefaultSecurityFilterChain - Creating filter chain: Ant [pattern='/images/**'], []
11:00:11.049 [localhost-startStop-1] INFO  o.s.s.web.DefaultSecurityFilterChain - Creating filter chain: Ant [pattern='/**/favicon.ico'], []
11:00:11.049 [localhost-startStop-1] INFO  o.s.s.web.DefaultSecurityFilterChain - Creating filter chain: Ant [pattern='/error'], []
11:00:11.143 [localhost-startStop-1] INFO  o.s.s.web.DefaultSecurityFilterChain - Creating filter chain: org.springframework.security.web.util.matcher.AnyRequestMatcher@1, [org.springframework.security.web.context.request.async.WebAsyncManagerIntegrationFilter@347a59a8, org.springframework.security.web.context.SecurityContextPersistenceFilter@58e283ea, org.springframework.security.web.header.HeaderWriterFilter@17200b72, org.springframework.security.web.authentication.logout.LogoutFilter@cfe6385, org.springframework.security.web.authentication.UsernamePasswordAuthenticationFilter@1acbe4c9, org.springframework.security.web.session.ConcurrentSessionFilter@1c844498, org.springframework.security.web.savedrequest.RequestCacheAwareFilter@58127829, org.springframework.security.web.servletapi.SecurityContextHolderAwareRequestFilter@43adf93c, org.springframework.security.web.authentication.AnonymousAuthenticationFilter@4c943f82, org.springframework.security.web.session.SessionManagementFilter@21d18342, org.springframework.security.web.access.ExceptionTranslationFilter@1da9f4b2, org.springframework.security.web.access.intercept.FilterSecurityInterceptor@66b529ac]
11:00:11.158 [localhost-startStop-1] INFO  o.s.s.web.DefaultSecurityFilterChain - Creating filter chain: OrRequestMatcher [requestMatchers=[Ant [pattern='/**']]], [org.springframework.security.web.context.request.async.WebAsyncManagerIntegrationFilter@3e06971e, org.springframework.security.web.context.SecurityContextPersistenceFilter@35fb4cf5, org.springframework.security.web.header.HeaderWriterFilter@3e87246c, org.springframework.security.web.authentication.logout.LogoutFilter@25a5c792, org.springframework.security.web.authentication.www.BasicAuthenticationFilter@7947afe3, org.springframework.security.web.savedrequest.RequestCacheAwareFilter@5798483, org.springframework.security.web.servletapi.SecurityContextHolderAwareRequestFilter@6ceab743, org.springframework.security.web.authentication.AnonymousAuthenticationFilter@22ab5262, org.springframework.security.web.session.SessionManagementFilter@1a684e86, org.springframework.security.web.access.ExceptionTranslationFilter@4eab07b5, org.springframework.security.web.access.intercept.FilterSecurityInterceptor@1fe049b3]
11:00:11.704 [main] INFO  o.s.o.j.LocalContainerEntityManagerFactoryBean - Building JPA container EntityManagerFactory for persistence unit 'default'
11:00:12.713 [main] INFO  o.s.w.s.m.m.a.RequestMappingHandlerAdapter - Looking for @ControllerAdvice: org.springframework.boot.context.embedded.AnnotationConfigEmbeddedWebApplicationContext@4bae06b5: startup date [Tue May 10 11:00:08 CST 2016]; root of context hierarchy
11:00:12.792 [main] INFO  o.s.w.s.m.m.a.RequestMappingHandlerMapping - Mapped "{[/api/apiMgr],methods=[GET]}" onto public java.util.List<com.sophia.domain.Api> com.sophia.api.common.ApiMgrController.getAllApi()
11:00:12.792 [main] INFO  o.s.w.s.m.m.a.RequestMappingHandlerMapping - Mapped "{[/api/permit/verify],methods=[POST],consumes=[application/json]}" onto public java.util.Map<java.lang.String, java.lang.Object> com.sophia.api.UserRestController.verify(java.lang.String)
11:00:12.792 [main] INFO  o.s.w.s.m.m.a.RequestMappingHandlerMapping - Mapped "{[/api/user],methods=[POST],consumes=[application/json]}" onto public java.util.Map<java.lang.String, java.lang.Object> com.sophia.api.UserRestController.user(com.sophia.vo.UserParam)
11:00:12.792 [main] INFO  o.s.w.s.m.m.a.RequestMappingHandlerMapping - Mapped "{[/api/permit/user],methods=[POST],consumes=[application/json]}" onto public java.util.Map<java.lang.String, java.lang.Object> com.sophia.api.UserRestController.permituser(com.sophia.vo.UserParam)
11:00:12.792 [main] INFO  o.s.w.s.m.m.a.RequestMappingHandlerMapping - Mapped "{[/console/context]}" onto public org.springframework.web.servlet.ModelAndView com.sophia.web.console.ContextController.context(javax.servlet.http.HttpServletRequest,org.springframework.ui.ModelMap)
11:00:12.792 [main] INFO  o.s.w.s.m.m.a.RequestMappingHandlerMapping - Mapped "{[/console/memory/gc],methods=[POST]}" onto public org.springframework.web.servlet.ModelAndView com.sophia.web.console.MemoryController.gc()
11:00:12.792 [main] INFO  o.s.w.s.m.m.a.RequestMappingHandlerMapping - Mapped "{[/console/memory]}" onto public org.springframework.web.servlet.ModelAndView com.sophia.web.console.MemoryController.memory(org.springframework.ui.ModelMap)
11:00:12.792 [main] INFO  o.s.w.s.m.m.a.RequestMappingHandlerMapping - Mapped "{[/home]}" onto public org.springframework.web.servlet.ModelAndView com.sophia.web.home.HomeController.index()
11:00:12.792 [main] INFO  o.s.w.s.m.m.a.RequestMappingHandlerMapping - Mapped "{[]}" onto public org.springframework.web.servlet.ModelAndView com.sophia.web.IndexController.main()
11:00:12.792 [main] INFO  o.s.w.s.m.m.a.RequestMappingHandlerMapping - Mapped "{[/hello],methods=[GET]}" onto public java.lang.String com.sophia.web.IndexController.getAllApi()
11:00:12.792 [main] INFO  o.s.w.s.m.m.a.RequestMappingHandlerMapping - Mapped "{[/login]}" onto public org.springframework.web.servlet.ModelAndView com.sophia.web.IndexController.login()
11:00:12.792 [main] INFO  o.s.w.s.m.m.a.RequestMappingHandlerMapping - Mapped "{[/system/user]}" onto public org.springframework.web.servlet.ModelAndView com.sophia.web.system.UserController.user()
11:00:12.792 [main] INFO  o.s.w.s.m.m.a.RequestMappingHandlerMapping - Mapped "{[/error]}" onto public org.springframework.http.ResponseEntity<java.util.Map<java.lang.String, java.lang.Object>> org.springframework.boot.autoconfigure.web.BasicErrorController.error(javax.servlet.http.HttpServletRequest)
11:00:12.792 [main] INFO  o.s.w.s.m.m.a.RequestMappingHandlerMapping - Mapped "{[/error],produces=[text/html]}" onto public org.springframework.web.servlet.ModelAndView org.springframework.boot.autoconfigure.web.BasicErrorController.errorHtml(javax.servlet.http.HttpServletRequest,javax.servlet.http.HttpServletResponse)
11:00:12.838 [main] INFO  o.s.w.s.h.SimpleUrlHandlerMapping - Mapped URL path [/webjars/**] onto handler of type [class org.springframework.web.servlet.resource.ResourceHttpRequestHandler]
11:00:12.838 [main] INFO  o.s.w.s.h.SimpleUrlHandlerMapping - Mapped URL path [/**] onto handler of type [class org.springframework.web.servlet.resource.ResourceHttpRequestHandler]
11:00:12.854 [main] INFO  o.s.w.s.m.m.a.ExceptionHandlerExceptionResolver - Detected @ExceptionHandler methods in controllerAdviceExceptionHandler
11:00:12.885 [main] INFO  o.s.w.s.h.SimpleUrlHandlerMapping - Mapped URL path [/**/favicon.ico] onto handler of type [class org.springframework.web.servlet.resource.ResourceHttpRequestHandler]
11:00:13.431 [main] INFO  o.s.j.e.a.AnnotationMBeanExporter - Registering beans for JMX exposure on startup
11:00:13.494 [main] INFO  o.s.b.c.e.t.TomcatEmbeddedServletContainer - Tomcat started on port(s): 8088 (http)
11:00:13.509 [main] INFO  com.sophia.Application - Started Application in 5.474 seconds (JVM running for 8.599)
