11:13:12.433 [main] INFO  o.s.t.c.s.AbstractContextLoader - Could not detect default resource locations for test class [com.sophia.db.JUnitTest]: no resource found for suffixes {-context.xml, Context.groovy}.
11:13:12.449 [main] INFO  o.s.t.c.s.DefaultTestContextBootstrapper - Loaded default TestExecutionListener class names from location [META-INF/spring.factories]: [org.springframework.test.context.web.ServletTestExecutionListener, org.springframework.test.context.support.DirtiesContextBeforeModesTestExecutionListener, org.springframework.test.context.support.DependencyInjectionTestExecutionListener, org.springframework.test.context.support.DirtiesContextTestExecutionListener, org.springframework.test.context.transaction.TransactionalTestExecutionListener, org.springframework.test.context.jdbc.SqlScriptsTestExecutionListener]
11:13:12.475 [main] INFO  o.s.t.c.s.DefaultTestContextBootstrapper - Using TestExecutionListeners: [org.springframework.test.context.web.ServletTestExecutionListener@4eb56343, org.springframework.test.context.support.DirtiesContextBeforeModesTestExecutionListener@6687ec13, org.springframework.test.context.support.DependencyInjectionTestExecutionListener@659c07fb, org.springframework.test.context.support.DirtiesContextTestExecutionListener@66d023da, org.springframework.test.context.transaction.TransactionalTestExecutionListener@6ae1f1f1, org.springframework.test.context.jdbc.SqlScriptsTestExecutionListener@17d33c09]
11:13:12.791 [main] INFO  com.sophia.db.JUnitTest - Starting JUnitTest on PC-NINGZUOKUN with PID 5052 (D:\code\development\development-search\target\test-classes started by ningzuokun in D:\code\development\development-search)
11:13:12.791 [main] INFO  com.sophia.db.JUnitTest - No active profile set, falling back to default profiles: default
11:13:13.024 [main] INFO  o.s.c.a.AnnotationConfigApplicationContext - Refreshing org.springframework.context.annotation.AnnotationConfigApplicationContext@71031b7c: startup date [Thu May 05 11:13:13 CST 2016]; root of context hierarchy
11:13:14.841 [main] INFO  o.s.o.j.LocalContainerEntityManagerFactoryBean - Building JPA container EntityManagerFactory for persistence unit 'default'
11:13:15.734 [main] INFO  o.s.b.a.s.AuthenticationManagerConfiguration - 

Using default security password: 6417875b-2dce-4fb9-93d6-7bc9cfb9aad2

11:13:16.564 [main] INFO  com.sophia.db.JUnitTest - Started JUnitTest in 4.003 seconds (JVM running for 4.671)
11:13:17.519 [Thread-2] INFO  o.s.c.a.AnnotationConfigApplicationContext - Closing org.springframework.context.annotation.AnnotationConfigApplicationContext@71031b7c: startup date [Thu May 05 11:13:13 CST 2016]; root of context hierarchy
11:13:17.525 [Thread-2] INFO  o.s.o.j.LocalContainerEntityManagerFactoryBean - Closing JPA EntityManagerFactory for persistence unit 'default'
11:13:25.346 [main] INFO  o.s.t.c.s.AbstractContextLoader - Could not detect default resource locations for test class [com.sophia.db.JUnitTest]: no resource found for suffixes {-context.xml, Context.groovy}.
11:13:25.360 [main] INFO  o.s.t.c.s.DefaultTestContextBootstrapper - Loaded default TestExecutionListener class names from location [META-INF/spring.factories]: [org.springframework.test.context.web.ServletTestExecutionListener, org.springframework.test.context.support.DirtiesContextBeforeModesTestExecutionListener, org.springframework.test.context.support.DependencyInjectionTestExecutionListener, org.springframework.test.context.support.DirtiesContextTestExecutionListener, org.springframework.test.context.transaction.TransactionalTestExecutionListener, org.springframework.test.context.jdbc.SqlScriptsTestExecutionListener]
11:13:25.376 [main] INFO  o.s.t.c.s.DefaultTestContextBootstrapper - Using TestExecutionListeners: [org.springframework.test.context.web.ServletTestExecutionListener@5ccab23b, org.springframework.test.context.support.DirtiesContextBeforeModesTestExecutionListener@7f7b6f14, org.springframework.test.context.support.DependencyInjectionTestExecutionListener@b9cb6f, org.springframework.test.context.support.DirtiesContextTestExecutionListener@25dae4c8, org.springframework.test.context.transaction.TransactionalTestExecutionListener@45e219e2, org.springframework.test.context.jdbc.SqlScriptsTestExecutionListener@7f116845]
11:13:25.687 [main] INFO  com.sophia.db.JUnitTest - Starting JUnitTest on PC-NINGZUOKUN with PID 3816 (D:\code\development\development-search\target\test-classes started by ningzuokun in D:\code\development\development-search)
11:13:25.687 [main] INFO  com.sophia.db.JUnitTest - No active profile set, falling back to default profiles: default
11:13:25.912 [main] INFO  o.s.c.a.AnnotationConfigApplicationContext - Refreshing org.springframework.context.annotation.AnnotationConfigApplicationContext@df6abc4: startup date [Thu May 05 11:13:25 CST 2016]; root of context hierarchy
11:13:27.805 [main] INFO  o.s.o.j.LocalContainerEntityManagerFactoryBean - Building JPA container EntityManagerFactory for persistence unit 'default'
11:13:28.721 [main] INFO  o.s.b.a.s.AuthenticationManagerConfiguration - 

Using default security password: 5c8fffa1-f439-43e0-88bc-1116beae61bf

11:13:29.675 [main] INFO  com.sophia.db.JUnitTest - Started JUnitTest in 4.215 seconds (JVM running for 4.958)
11:18:30.042 [main] INFO  o.s.t.c.s.AbstractContextLoader - Could not detect default resource locations for test class [com.sophia.db.JUnitTest]: no resource found for suffixes {-context.xml, Context.groovy}.
11:18:30.057 [main] INFO  o.s.t.c.s.DefaultTestContextBootstrapper - Loaded default TestExecutionListener class names from location [META-INF/spring.factories]: [org.springframework.test.context.web.ServletTestExecutionListener, org.springframework.test.context.support.DirtiesContextBeforeModesTestExecutionListener, org.springframework.test.context.support.DependencyInjectionTestExecutionListener, org.springframework.test.context.support.DirtiesContextTestExecutionListener, org.springframework.test.context.transaction.TransactionalTestExecutionListener, org.springframework.test.context.jdbc.SqlScriptsTestExecutionListener]
11:18:30.074 [main] INFO  o.s.t.c.s.DefaultTestContextBootstrapper - Using TestExecutionListeners: [org.springframework.test.context.web.ServletTestExecutionListener@8cc1102, org.springframework.test.context.support.DirtiesContextBeforeModesTestExecutionListener@d709ed1, org.springframework.test.context.support.DependencyInjectionTestExecutionListener@5ccab23b, org.springframework.test.context.support.DirtiesContextTestExecutionListener@7f7b6f14, org.springframework.test.context.transaction.TransactionalTestExecutionListener@b9cb6f, org.springframework.test.context.jdbc.SqlScriptsTestExecutionListener@25dae4c8]
11:18:30.373 [main] INFO  com.sophia.db.JUnitTest - Starting JUnitTest on PC-NINGZUOKUN with PID 5840 (D:\code\development\development-search\target\test-classes started by ningzuokun in D:\code\development\development-search)
11:18:30.373 [main] INFO  com.sophia.db.JUnitTest - No active profile set, falling back to default profiles: default
11:18:30.589 [main] INFO  o.s.c.a.AnnotationConfigApplicationContext - Refreshing org.springframework.context.annotation.AnnotationConfigApplicationContext@68a0a401: startup date [Thu May 05 11:18:30 CST 2016]; root of context hierarchy
11:18:32.535 [main] INFO  o.s.o.j.LocalContainerEntityManagerFactoryBean - Building JPA container EntityManagerFactory for persistence unit 'default'
11:18:33.379 [main] INFO  o.s.b.a.s.AuthenticationManagerConfiguration - 

Using default security password: bba62865-4ce0-44e6-83f8-60c96377a414

11:18:34.244 [main] INFO  com.sophia.db.JUnitTest - Started JUnitTest in 4.083 seconds (JVM running for 4.767)
11:18:39.932 [main] WARN  o.h.e.jdbc.spi.SqlExceptionHelper - SQL Error: 0, SQLState: S0022
11:18:39.934 [main] ERROR o.h.e.jdbc.spi.SqlExceptionHelper - Column 'session_id' not found.
11:18:39.940 [Thread-2] INFO  o.s.c.a.AnnotationConfigApplicationContext - Closing org.springframework.context.annotation.AnnotationConfigApplicationContext@68a0a401: startup date [Thu May 05 11:18:30 CST 2016]; root of context hierarchy
11:18:39.945 [Thread-2] INFO  o.s.o.j.LocalContainerEntityManagerFactoryBean - Closing JPA EntityManagerFactory for persistence unit 'default'
11:19:10.708 [main] INFO  o.s.t.c.s.AbstractContextLoader - Could not detect default resource locations for test class [com.sophia.db.JUnitTest]: no resource found for suffixes {-context.xml, Context.groovy}.
11:19:10.721 [main] INFO  o.s.t.c.s.DefaultTestContextBootstrapper - Loaded default TestExecutionListener class names from location [META-INF/spring.factories]: [org.springframework.test.context.web.ServletTestExecutionListener, org.springframework.test.context.support.DirtiesContextBeforeModesTestExecutionListener, org.springframework.test.context.support.DependencyInjectionTestExecutionListener, org.springframework.test.context.support.DirtiesContextTestExecutionListener, org.springframework.test.context.transaction.TransactionalTestExecutionListener, org.springframework.test.context.jdbc.SqlScriptsTestExecutionListener]
11:19:10.738 [main] INFO  o.s.t.c.s.DefaultTestContextBootstrapper - Using TestExecutionListeners: [org.springframework.test.context.web.ServletTestExecutionListener@5d89e7b8, org.springframework.test.context.support.DirtiesContextBeforeModesTestExecutionListener@8cc1102, org.springframework.test.context.support.DependencyInjectionTestExecutionListener@d709ed1, org.springframework.test.context.support.DirtiesContextTestExecutionListener@5ccab23b, org.springframework.test.context.transaction.TransactionalTestExecutionListener@7f7b6f14, org.springframework.test.context.jdbc.SqlScriptsTestExecutionListener@b9cb6f]
11:19:11.041 [main] INFO  com.sophia.db.JUnitTest - Starting JUnitTest on PC-NINGZUOKUN with PID 3084 (D:\code\development\development-search\target\test-classes started by ningzuokun in D:\code\development\development-search)
11:19:11.041 [main] INFO  com.sophia.db.JUnitTest - No active profile set, falling back to default profiles: default
11:19:11.265 [main] INFO  o.s.c.a.AnnotationConfigApplicationContext - Refreshing org.springframework.context.annotation.AnnotationConfigApplicationContext@65286e01: startup date [Thu May 05 11:19:11 CST 2016]; root of context hierarchy
11:19:13.194 [main] INFO  o.s.o.j.LocalContainerEntityManagerFactoryBean - Building JPA container EntityManagerFactory for persistence unit 'default'
11:19:14.079 [main] INFO  o.s.b.a.s.AuthenticationManagerConfiguration - 

Using default security password: e401d357-d307-4108-89fc-31ecae2bace8

11:19:14.961 [main] INFO  com.sophia.db.JUnitTest - Started JUnitTest in 4.136 seconds (JVM running for 4.775)
11:19:16.825 [main] WARN  o.h.e.jdbc.spi.SqlExceptionHelper - SQL Error: 0, SQLState: S0022
11:19:16.830 [main] ERROR o.h.e.jdbc.spi.SqlExceptionHelper - Column 'session_id' not found.
11:19:21.500 [Thread-2] INFO  o.s.c.a.AnnotationConfigApplicationContext - Closing org.springframework.context.annotation.AnnotationConfigApplicationContext@65286e01: startup date [Thu May 05 11:19:11 CST 2016]; root of context hierarchy
11:19:21.513 [Thread-2] INFO  o.s.o.j.LocalContainerEntityManagerFactoryBean - Closing JPA EntityManagerFactory for persistence unit 'default'
11:20:00.077 [main] INFO  o.s.t.c.s.AbstractContextLoader - Could not detect default resource locations for test class [com.sophia.db.JUnitTest]: no resource found for suffixes {-context.xml, Context.groovy}.
11:20:00.091 [main] INFO  o.s.t.c.s.DefaultTestContextBootstrapper - Loaded default TestExecutionListener class names from location [META-INF/spring.factories]: [org.springframework.test.context.web.ServletTestExecutionListener, org.springframework.test.context.support.DirtiesContextBeforeModesTestExecutionListener, org.springframework.test.context.support.DependencyInjectionTestExecutionListener, org.springframework.test.context.support.DirtiesContextTestExecutionListener, org.springframework.test.context.transaction.TransactionalTestExecutionListener, org.springframework.test.context.jdbc.SqlScriptsTestExecutionListener]
11:20:00.108 [main] INFO  o.s.t.c.s.DefaultTestContextBootstrapper - Using TestExecutionListeners: [org.springframework.test.context.web.ServletTestExecutionListener@d709ed1, org.springframework.test.context.support.DirtiesContextBeforeModesTestExecutionListener@5ccab23b, org.springframework.test.context.support.DependencyInjectionTestExecutionListener@7f7b6f14, org.springframework.test.context.support.DirtiesContextTestExecutionListener@b9cb6f, org.springframework.test.context.transaction.TransactionalTestExecutionListener@25dae4c8, org.springframework.test.context.jdbc.SqlScriptsTestExecutionListener@45e219e2]
11:20:00.424 [main] INFO  com.sophia.db.JUnitTest - Starting JUnitTest on PC-NINGZUOKUN with PID 4828 (D:\code\development\development-search\target\test-classes started by ningzuokun in D:\code\development\development-search)
11:20:00.424 [main] INFO  com.sophia.db.JUnitTest - No active profile set, falling back to default profiles: default
11:20:00.642 [main] INFO  o.s.c.a.AnnotationConfigApplicationContext - Refreshing org.springframework.context.annotation.AnnotationConfigApplicationContext@756f13ae: startup date [Thu May 05 11:20:00 CST 2016]; root of context hierarchy
11:20:02.593 [main] INFO  o.s.o.j.LocalContainerEntityManagerFactoryBean - Building JPA container EntityManagerFactory for persistence unit 'default'
11:20:04.559 [main] INFO  o.s.b.a.s.AuthenticationManagerConfiguration - 

Using default security password: a1658ba5-5bad-414d-8d44-7a4b34adfdc0

11:20:05.512 [main] INFO  com.sophia.db.JUnitTest - Started JUnitTest in 5.31 seconds (JVM running for 5.963)
11:20:29.571 [main] WARN  o.h.e.jdbc.spi.SqlExceptionHelper - SQL Error: 0, SQLState: S0022
11:20:29.573 [main] ERROR o.h.e.jdbc.spi.SqlExceptionHelper - Column 'session_id' not found.
11:20:52.049 [main] INFO  o.s.t.c.s.AbstractContextLoader - Could not detect default resource locations for test class [com.sophia.db.JUnitTest]: no resource found for suffixes {-context.xml, Context.groovy}.
11:20:52.062 [main] INFO  o.s.t.c.s.DefaultTestContextBootstrapper - Loaded default TestExecutionListener class names from location [META-INF/spring.factories]: [org.springframework.test.context.web.ServletTestExecutionListener, org.springframework.test.context.support.DirtiesContextBeforeModesTestExecutionListener, org.springframework.test.context.support.DependencyInjectionTestExecutionListener, org.springframework.test.context.support.DirtiesContextTestExecutionListener, org.springframework.test.context.transaction.TransactionalTestExecutionListener, org.springframework.test.context.jdbc.SqlScriptsTestExecutionListener]
11:20:52.078 [main] INFO  o.s.t.c.s.DefaultTestContextBootstrapper - Using TestExecutionListeners: [org.springframework.test.context.web.ServletTestExecutionListener@5ccab23b, org.springframework.test.context.support.DirtiesContextBeforeModesTestExecutionListener@7f7b6f14, org.springframework.test.context.support.DependencyInjectionTestExecutionListener@b9cb6f, org.springframework.test.context.support.DirtiesContextTestExecutionListener@25dae4c8, org.springframework.test.context.transaction.TransactionalTestExecutionListener@45e219e2, org.springframework.test.context.jdbc.SqlScriptsTestExecutionListener@7f116845]
11:20:52.374 [main] INFO  com.sophia.db.JUnitTest - Starting JUnitTest on PC-NINGZUOKUN with PID 5420 (D:\code\development\development-search\target\test-classes started by ningzuokun in D:\code\development\development-search)
11:20:52.375 [main] INFO  com.sophia.db.JUnitTest - No active profile set, falling back to default profiles: default
11:20:52.584 [main] INFO  o.s.c.a.AnnotationConfigApplicationContext - Refreshing org.springframework.context.annotation.AnnotationConfigApplicationContext@6962ed8f: startup date [Thu May 05 11:20:52 CST 2016]; root of context hierarchy
11:20:54.400 [main] INFO  o.s.o.j.LocalContainerEntityManagerFactoryBean - Building JPA container EntityManagerFactory for persistence unit 'default'
11:20:55.256 [main] INFO  o.s.b.a.s.AuthenticationManagerConfiguration - 

Using default security password: 873fe73a-a4bd-4574-bfee-689c94e63d17

11:20:56.155 [main] INFO  com.sophia.db.JUnitTest - Started JUnitTest in 3.991 seconds (JVM running for 4.622)
11:20:56.254 [Thread-2] INFO  o.s.c.a.AnnotationConfigApplicationContext - Closing org.springframework.context.annotation.AnnotationConfigApplicationContext@6962ed8f: startup date [Thu May 05 11:20:52 CST 2016]; root of context hierarchy
11:20:56.259 [Thread-2] INFO  o.s.o.j.LocalContainerEntityManagerFactoryBean - Closing JPA EntityManagerFactory for persistence unit 'default'
11:21:16.719 [main] INFO  o.s.t.c.s.AbstractContextLoader - Could not detect default resource locations for test class [com.sophia.db.JUnitTest]: no resource found for suffixes {-context.xml, Context.groovy}.
11:21:16.732 [main] INFO  o.s.t.c.s.DefaultTestContextBootstrapper - Loaded default TestExecutionListener class names from location [META-INF/spring.factories]: [org.springframework.test.context.web.ServletTestExecutionListener, org.springframework.test.context.support.DirtiesContextBeforeModesTestExecutionListener, org.springframework.test.context.support.DependencyInjectionTestExecutionListener, org.springframework.test.context.support.DirtiesContextTestExecutionListener, org.springframework.test.context.transaction.TransactionalTestExecutionListener, org.springframework.test.context.jdbc.SqlScriptsTestExecutionListener]
11:21:16.748 [main] INFO  o.s.t.c.s.DefaultTestContextBootstrapper - Using TestExecutionListeners: [org.springframework.test.context.web.ServletTestExecutionListener@b9cb6f, org.springframework.test.context.support.DirtiesContextBeforeModesTestExecutionListener@25dae4c8, org.springframework.test.context.support.DependencyInjectionTestExecutionListener@45e219e2, org.springframework.test.context.support.DirtiesContextTestExecutionListener@7f116845, org.springframework.test.context.transaction.TransactionalTestExecutionListener@4fd4cb2f, org.springframework.test.context.jdbc.SqlScriptsTestExecutionListener@1b67a39b]
11:21:17.052 [main] INFO  com.sophia.db.JUnitTest - Starting JUnitTest on PC-NINGZUOKUN with PID 5432 (D:\code\development\development-search\target\test-classes started by ningzuokun in D:\code\development\development-search)
11:21:17.052 [main] INFO  com.sophia.db.JUnitTest - No active profile set, falling back to default profiles: default
11:21:17.257 [main] INFO  o.s.c.a.AnnotationConfigApplicationContext - Refreshing org.springframework.context.annotation.AnnotationConfigApplicationContext@44f94083: startup date [Thu May 05 11:21:17 CST 2016]; root of context hierarchy
11:21:19.123 [main] INFO  o.s.o.j.LocalContainerEntityManagerFactoryBean - Building JPA container EntityManagerFactory for persistence unit 'default'
11:21:20.012 [main] INFO  o.s.b.a.s.AuthenticationManagerConfiguration - 

Using default security password: 4dc02ab5-4442-488f-9147-fa07cb84cfaf

11:21:20.896 [main] INFO  com.sophia.db.JUnitTest - Started JUnitTest in 4.061 seconds (JVM running for 4.694)
11:21:28.735 [Thread-2] INFO  o.s.c.a.AnnotationConfigApplicationContext - Closing org.springframework.context.annotation.AnnotationConfigApplicationContext@44f94083: startup date [Thu May 05 11:21:17 CST 2016]; root of context hierarchy
11:21:28.748 [Thread-2] INFO  o.s.o.j.LocalContainerEntityManagerFactoryBean - Closing JPA EntityManagerFactory for persistence unit 'default'
11:25:23.036 [main] INFO  o.s.t.c.s.AbstractContextLoader - Could not detect default resource locations for test class [com.sophia.db.JUnitTest]: no resource found for suffixes {-context.xml, Context.groovy}.
11:25:23.049 [main] INFO  o.s.t.c.s.DefaultTestContextBootstrapper - Loaded default TestExecutionListener class names from location [META-INF/spring.factories]: [org.springframework.test.context.web.ServletTestExecutionListener, org.springframework.test.context.support.DirtiesContextBeforeModesTestExecutionListener, org.springframework.test.context.support.DependencyInjectionTestExecutionListener, org.springframework.test.context.support.DirtiesContextTestExecutionListener, org.springframework.test.context.transaction.TransactionalTestExecutionListener, org.springframework.test.context.jdbc.SqlScriptsTestExecutionListener]
11:25:23.065 [main] INFO  o.s.t.c.s.DefaultTestContextBootstrapper - Using TestExecutionListeners: [org.springframework.test.context.web.ServletTestExecutionListener@7f7b6f14, org.springframework.test.context.support.DirtiesContextBeforeModesTestExecutionListener@b9cb6f, org.springframework.test.context.support.DependencyInjectionTestExecutionListener@25dae4c8, org.springframework.test.context.support.DirtiesContextTestExecutionListener@45e219e2, org.springframework.test.context.transaction.TransactionalTestExecutionListener@7f116845, org.springframework.test.context.jdbc.SqlScriptsTestExecutionListener@4fd4cb2f]
11:25:23.371 [main] INFO  com.sophia.db.JUnitTest - Starting JUnitTest on PC-NINGZUOKUN with PID 5508 (D:\code\development\development-search\target\test-classes started by ningzuokun in D:\code\development\development-search)
11:25:23.372 [main] INFO  com.sophia.db.JUnitTest - No active profile set, falling back to default profiles: default
11:25:23.579 [main] INFO  o.s.c.a.AnnotationConfigApplicationContext - Refreshing org.springframework.context.annotation.AnnotationConfigApplicationContext@3c9c7728: startup date [Thu May 05 11:25:23 CST 2016]; root of context hierarchy
11:25:25.468 [main] INFO  o.s.o.j.LocalContainerEntityManagerFactoryBean - Building JPA container EntityManagerFactory for persistence unit 'default'
11:25:26.329 [main] INFO  o.s.b.a.s.AuthenticationManagerConfiguration - 

Using default security password: d69d730f-4f12-4c5b-817f-162705f6ceab

11:25:27.225 [main] INFO  com.sophia.db.JUnitTest - Started JUnitTest in 4.072 seconds (JVM running for 4.703)
11:25:27.307 [main] WARN  o.h.e.jdbc.spi.SqlExceptionHelper - SQL Error: 0, SQLState: S0022
11:25:27.308 [main] ERROR o.h.e.jdbc.spi.SqlExceptionHelper - Column 'session_id' not found.
11:25:27.316 [Thread-2] INFO  o.s.c.a.AnnotationConfigApplicationContext - Closing org.springframework.context.annotation.AnnotationConfigApplicationContext@3c9c7728: startup date [Thu May 05 11:25:23 CST 2016]; root of context hierarchy
11:25:27.321 [Thread-2] INFO  o.s.o.j.LocalContainerEntityManagerFactoryBean - Closing JPA EntityManagerFactory for persistence unit 'default'
11:27:57.539 [main] INFO  o.s.t.c.s.AbstractContextLoader - Could not detect default resource locations for test class [com.sophia.db.JUnitTest]: no resource found for suffixes {-context.xml, Context.groovy}.
11:27:57.553 [main] INFO  o.s.t.c.s.DefaultTestContextBootstrapper - Loaded default TestExecutionListener class names from location [META-INF/spring.factories]: [org.springframework.test.context.web.ServletTestExecutionListener, org.springframework.test.context.support.DirtiesContextBeforeModesTestExecutionListener, org.springframework.test.context.support.DependencyInjectionTestExecutionListener, org.springframework.test.context.support.DirtiesContextTestExecutionListener, org.springframework.test.context.transaction.TransactionalTestExecutionListener, org.springframework.test.context.jdbc.SqlScriptsTestExecutionListener]
11:27:57.569 [main] INFO  o.s.t.c.s.DefaultTestContextBootstrapper - Using TestExecutionListeners: [org.springframework.test.context.web.ServletTestExecutionListener@d709ed1, org.springframework.test.context.support.DirtiesContextBeforeModesTestExecutionListener@5ccab23b, org.springframework.test.context.support.DependencyInjectionTestExecutionListener@7f7b6f14, org.springframework.test.context.support.DirtiesContextTestExecutionListener@b9cb6f, org.springframework.test.context.transaction.TransactionalTestExecutionListener@25dae4c8, org.springframework.test.context.jdbc.SqlScriptsTestExecutionListener@45e219e2]
11:27:57.873 [main] INFO  com.sophia.db.JUnitTest - Starting JUnitTest on PC-NINGZUOKUN with PID 5080 (D:\code\development\development-search\target\test-classes started by ningzuokun in D:\code\development\development-search)
11:27:57.873 [main] INFO  com.sophia.db.JUnitTest - No active profile set, falling back to default profiles: default
11:27:58.083 [main] INFO  o.s.c.a.AnnotationConfigApplicationContext - Refreshing org.springframework.context.annotation.AnnotationConfigApplicationContext@437df757: startup date [Thu May 05 11:27:58 CST 2016]; root of context hierarchy
11:28:00.018 [main] INFO  o.s.o.j.LocalContainerEntityManagerFactoryBean - Building JPA container EntityManagerFactory for persistence unit 'default'
11:28:00.921 [main] INFO  o.s.b.a.s.AuthenticationManagerConfiguration - 

Using default security password: a1554a30-175c-49d3-9129-61e532e4279e

11:28:01.814 [main] INFO  com.sophia.db.JUnitTest - Started JUnitTest in 4.16 seconds (JVM running for 4.811)
11:28:01.929 [Thread-2] INFO  o.s.c.a.AnnotationConfigApplicationContext - Closing org.springframework.context.annotation.AnnotationConfigApplicationContext@437df757: startup date [Thu May 05 11:27:58 CST 2016]; root of context hierarchy
11:28:01.935 [Thread-2] INFO  o.s.o.j.LocalContainerEntityManagerFactoryBean - Closing JPA EntityManagerFactory for persistence unit 'default'
11:28:34.426 [main] INFO  o.s.t.c.s.AbstractContextLoader - Could not detect default resource locations for test class [com.sophia.db.JUnitTest]: no resource found for suffixes {-context.xml, Context.groovy}.
11:28:34.440 [main] INFO  o.s.t.c.s.DefaultTestContextBootstrapper - Loaded default TestExecutionListener class names from location [META-INF/spring.factories]: [org.springframework.test.context.web.ServletTestExecutionListener, org.springframework.test.context.support.DirtiesContextBeforeModesTestExecutionListener, org.springframework.test.context.support.DependencyInjectionTestExecutionListener, org.springframework.test.context.support.DirtiesContextTestExecutionListener, org.springframework.test.context.transaction.TransactionalTestExecutionListener, org.springframework.test.context.jdbc.SqlScriptsTestExecutionListener]
11:28:34.458 [main] INFO  o.s.t.c.s.DefaultTestContextBootstrapper - Using TestExecutionListeners: [org.springframework.test.context.web.ServletTestExecutionListener@8cc1102, org.springframework.test.context.support.DirtiesContextBeforeModesTestExecutionListener@d709ed1, org.springframework.test.context.support.DependencyInjectionTestExecutionListener@5ccab23b, org.springframework.test.context.support.DirtiesContextTestExecutionListener@7f7b6f14, org.springframework.test.context.transaction.TransactionalTestExecutionListener@b9cb6f, org.springframework.test.context.jdbc.SqlScriptsTestExecutionListener@25dae4c8]
11:28:34.764 [main] INFO  com.sophia.db.JUnitTest - Starting JUnitTest on PC-NINGZUOKUN with PID 6004 (D:\code\development\development-search\target\test-classes started by ningzuokun in D:\code\development\development-search)
11:28:34.764 [main] INFO  com.sophia.db.JUnitTest - No active profile set, falling back to default profiles: default
11:28:34.967 [main] INFO  o.s.c.a.AnnotationConfigApplicationContext - Refreshing org.springframework.context.annotation.AnnotationConfigApplicationContext@1aef201d: startup date [Thu May 05 11:28:34 CST 2016]; root of context hierarchy
11:28:36.768 [main] INFO  o.s.o.j.LocalContainerEntityManagerFactoryBean - Building JPA container EntityManagerFactory for persistence unit 'default'
11:28:37.617 [main] INFO  o.s.b.a.s.AuthenticationManagerConfiguration - 

Using default security password: 51f92ca5-9362-467a-bded-6593c63df0a3

11:28:38.487 [main] INFO  com.sophia.db.JUnitTest - Started JUnitTest in 3.938 seconds (JVM running for 4.594)
11:28:38.608 [Thread-2] INFO  o.s.c.a.AnnotationConfigApplicationContext - Closing org.springframework.context.annotation.AnnotationConfigApplicationContext@1aef201d: startup date [Thu May 05 11:28:34 CST 2016]; root of context hierarchy
11:28:38.612 [Thread-2] INFO  o.s.o.j.LocalContainerEntityManagerFactoryBean - Closing JPA EntityManagerFactory for persistence unit 'default'
