13:08:45.151 [main] INFO  com.sophia.Application - Starting Application v0.0.1-SNAPSHOT on PC-NINGZUOKUN with PID 4680 (D:\m2\com\sophia\development-framework\0.0.1-SNAPSHOT\development-framework-0.0.1-SNAPSHOT.jar started by ningzuokun in D:\code\development-search)
13:08:45.151 [main] INFO  com.sophia.Application - No active profile set, falling back to default profiles: default
13:08:45.354 [main] INFO  o.s.b.c.e.AnnotationConfigEmbeddedWebApplicationContext - Refreshing org.springframework.boot.context.embedded.AnnotationConfigEmbeddedWebApplicationContext@53f0eef1: startup date [Thu May 12 13:08:45 CST 2016]; root of context hierarchy
13:08:46.307 [main] INFO  o.s.b.f.s.DefaultListableBeanFactory - Overriding bean definition for bean 'beanNameViewResolver' with a different definition: replacing [Root bean: class [null]; scope=; abstract=false; lazyInit=false; autowireMode=3; dependencyCheck=0; autowireCandidate=true; primary=false; factoryBeanName=org.springframework.boot.autoconfigure.web.ErrorMvcAutoConfiguration$WhitelabelErrorViewConfiguration; factoryMethodName=beanNameViewResolver; initMethodName=null; destroyMethodName=(inferred); defined in class path resource [org/springframework/boot/autoconfigure/web/ErrorMvcAutoConfiguration$WhitelabelErrorViewConfiguration.class]] with [Root bean: class [null]; scope=; abstract=false; lazyInit=false; autowireMode=3; dependencyCheck=0; autowireCandidate=true; primary=false; factoryBeanName=org.springframework.boot.autoconfigure.web.WebMvcAutoConfiguration$WebMvcAutoConfigurationAdapter; factoryMethodName=beanNameViewResolver; initMethodName=null; destroyMethodName=(inferred); defined in class path resource [org/springframework/boot/autoconfigure/web/WebMvcAutoConfiguration$WebMvcAutoConfigurationAdapter.class]]
13:08:46.823 [main] INFO  o.s.c.s.PostProcessorRegistrationDelegate$BeanPostProcessorChecker - Bean 'org.springframework.transaction.annotation.ProxyTransactionManagementConfiguration' of type [class org.springframework.transaction.annotation.ProxyTransactionManagementConfiguration$$EnhancerBySpringCGLIB$$abd50557] is not eligible for getting processed by all BeanPostProcessors (for example: not eligible for auto-proxying)
13:08:46.870 [main] INFO  o.s.c.s.PostProcessorRegistrationDelegate$BeanPostProcessorChecker - Bean 'org.springframework.security.config.annotation.configuration.ObjectPostProcessorConfiguration' of type [class org.springframework.security.config.annotation.configuration.ObjectPostProcessorConfiguration$$EnhancerBySpringCGLIB$$d4f64e51] is not eligible for getting processed by all BeanPostProcessors (for example: not eligible for auto-proxying)
13:08:46.870 [main] INFO  o.s.c.s.PostProcessorRegistrationDelegate$BeanPostProcessorChecker - Bean 'objectPostProcessor' of type [class org.springframework.security.config.annotation.configuration.AutowireBeanFactoryObjectPostProcessor] is not eligible for getting processed by all BeanPostProcessors (for example: not eligible for auto-proxying)
13:08:46.870 [main] INFO  o.s.c.s.PostProcessorRegistrationDelegate$BeanPostProcessorChecker - Bean 'org.springframework.security.access.expression.method.DefaultMethodSecurityExpressionHandler@469854e9' of type [class org.springframework.security.access.expression.method.DefaultMethodSecurityExpressionHandler] is not eligible for getting processed by all BeanPostProcessors (for example: not eligible for auto-proxying)
13:08:46.886 [main] INFO  o.s.c.s.PostProcessorRegistrationDelegate$BeanPostProcessorChecker - Bean 'org.springframework.security.config.annotation.method.configuration.GlobalMethodSecurityConfiguration' of type [class org.springframework.security.config.annotation.method.configuration.GlobalMethodSecurityConfiguration$$EnhancerBySpringCGLIB$$87d482c3] is not eligible for getting processed by all BeanPostProcessors (for example: not eligible for auto-proxying)
13:08:46.901 [main] INFO  o.s.c.s.PostProcessorRegistrationDelegate$BeanPostProcessorChecker - Bean 'methodSecurityMetadataSource' of type [class org.springframework.security.access.method.DelegatingMethodSecurityMetadataSource] is not eligible for getting processed by all BeanPostProcessors (for example: not eligible for auto-proxying)
13:08:47.307 [main] INFO  o.s.b.c.e.t.TomcatEmbeddedServletContainer - Tomcat initialized with port(s): 8088 (http)
13:08:47.385 [localhost-startStop-1] INFO  o.s.web.context.ContextLoader - Root WebApplicationContext: initialization completed in 2031 ms
13:08:47.746 [localhost-startStop-1] INFO  o.s.b.c.e.FilterRegistrationBean - Mapping filter: 'characterEncodingFilter' to: [/*]
13:08:47.746 [localhost-startStop-1] INFO  o.s.b.c.e.FilterRegistrationBean - Mapping filter: 'hiddenHttpMethodFilter' to: [/*]
13:08:47.746 [localhost-startStop-1] INFO  o.s.b.c.e.FilterRegistrationBean - Mapping filter: 'httpPutFormContentFilter' to: [/*]
13:08:47.746 [localhost-startStop-1] INFO  o.s.b.c.e.FilterRegistrationBean - Mapping filter: 'requestContextFilter' to: [/*]
13:08:47.746 [localhost-startStop-1] INFO  o.s.b.c.e.DelegatingFilterProxyRegistrationBean - Mapping filter: 'springSecurityFilterChain' to: [/*]
13:08:47.746 [localhost-startStop-1] INFO  o.s.b.c.e.ServletRegistrationBean - Mapping servlet: 'dispatcherServlet' to [/]
13:08:48.074 [localhost-startStop-1] INFO  o.s.b.a.s.AuthenticationManagerConfiguration - 

Using default security password: d18e9e73-373b-490a-aeca-46beb1062012

13:08:48.074 [localhost-startStop-1] INFO  o.s.s.web.DefaultSecurityFilterChain - Creating filter chain: Ant [pattern='/css/**'], []
13:08:48.074 [localhost-startStop-1] INFO  o.s.s.web.DefaultSecurityFilterChain - Creating filter chain: Ant [pattern='/js/**'], []
13:08:48.074 [localhost-startStop-1] INFO  o.s.s.web.DefaultSecurityFilterChain - Creating filter chain: Ant [pattern='/images/**'], []
13:08:48.074 [localhost-startStop-1] INFO  o.s.s.web.DefaultSecurityFilterChain - Creating filter chain: Ant [pattern='/**/favicon.ico'], []
13:08:48.074 [localhost-startStop-1] INFO  o.s.s.web.DefaultSecurityFilterChain - Creating filter chain: Ant [pattern='/error'], []
13:08:48.167 [localhost-startStop-1] INFO  o.s.s.web.DefaultSecurityFilterChain - Creating filter chain: org.springframework.security.web.util.matcher.AnyRequestMatcher@1, [org.springframework.security.web.context.request.async.WebAsyncManagerIntegrationFilter@6b1381b4, org.springframework.security.web.context.SecurityContextPersistenceFilter@d76516b, org.springframework.security.web.header.HeaderWriterFilter@42099a52, org.springframework.security.web.authentication.logout.LogoutFilter@78754b4c, org.springframework.security.web.authentication.UsernamePasswordAuthenticationFilter@4b82ddeb, org.springframework.security.web.session.ConcurrentSessionFilter@694c0724, org.springframework.security.web.savedrequest.RequestCacheAwareFilter@45a7f619, org.springframework.security.web.servletapi.SecurityContextHolderAwareRequestFilter@2a4a962b, org.springframework.security.web.authentication.AnonymousAuthenticationFilter@4da88757, org.springframework.security.web.session.SessionManagementFilter@3056de27, org.springframework.security.web.access.ExceptionTranslationFilter@7156e3a2, org.springframework.security.web.access.intercept.FilterSecurityInterceptor@2dacebae]
13:08:48.183 [localhost-startStop-1] INFO  o.s.s.web.DefaultSecurityFilterChain - Creating filter chain: OrRequestMatcher [requestMatchers=[Ant [pattern='/**']]], [org.springframework.security.web.context.request.async.WebAsyncManagerIntegrationFilter@63039bf7, org.springframework.security.web.context.SecurityContextPersistenceFilter@59571374, org.springframework.security.web.header.HeaderWriterFilter@2ccb1f0b, org.springframework.security.web.authentication.logout.LogoutFilter@674eef0d, org.springframework.security.web.authentication.www.BasicAuthenticationFilter@55ecc2a8, org.springframework.security.web.savedrequest.RequestCacheAwareFilter@63be527e, org.springframework.security.web.servletapi.SecurityContextHolderAwareRequestFilter@641a015a, org.springframework.security.web.authentication.AnonymousAuthenticationFilter@1f4a7ea, org.springframework.security.web.session.SessionManagementFilter@4b632226, org.springframework.security.web.access.ExceptionTranslationFilter@3e3d55c9, org.springframework.security.web.access.intercept.FilterSecurityInterceptor@6403b85]
13:08:48.745 [main] INFO  o.s.o.j.LocalContainerEntityManagerFactoryBean - Building JPA container EntityManagerFactory for persistence unit 'default'
13:08:49.777 [main] INFO  o.s.w.s.m.m.a.RequestMappingHandlerAdapter - Looking for @ControllerAdvice: org.springframework.boot.context.embedded.AnnotationConfigEmbeddedWebApplicationContext@53f0eef1: startup date [Thu May 12 13:08:45 CST 2016]; root of context hierarchy
13:08:49.840 [main] INFO  o.s.w.s.m.m.a.RequestMappingHandlerMapping - Mapped "{[/api/apiMgr],methods=[GET]}" onto public java.util.List<com.sophia.domain.Api> com.sophia.api.common.ApiMgrController.getAllApi()
13:08:49.856 [main] INFO  o.s.w.s.m.m.a.RequestMappingHandlerMapping - Mapped "{[/api/permit/verify],methods=[POST],consumes=[application/json]}" onto public java.util.Map<java.lang.String, java.lang.Object> com.sophia.api.UserRestController.verify(java.lang.String)
13:08:49.856 [main] INFO  o.s.w.s.m.m.a.RequestMappingHandlerMapping - Mapped "{[/api/user],methods=[POST],consumes=[application/json]}" onto public java.util.Map<java.lang.String, java.lang.Object> com.sophia.api.UserRestController.user(com.sophia.vo.UserParam)
13:08:49.856 [main] INFO  o.s.w.s.m.m.a.RequestMappingHandlerMapping - Mapped "{[/api/permit/user],methods=[POST],consumes=[application/json]}" onto public java.util.Map<java.lang.String, java.lang.Object> com.sophia.api.UserRestController.permituser(com.sophia.vo.UserParam)
13:08:49.856 [main] INFO  o.s.w.s.m.m.a.RequestMappingHandlerMapping - Mapped "{[/console/context]}" onto public org.springframework.web.servlet.ModelAndView com.sophia.web.console.ContextController.context(javax.servlet.http.HttpServletRequest,org.springframework.ui.ModelMap)
13:08:49.856 [main] INFO  o.s.w.s.m.m.a.RequestMappingHandlerMapping - Mapped "{[/console/memory/gc],methods=[POST]}" onto public org.springframework.web.servlet.ModelAndView com.sophia.web.console.MemoryController.gc()
13:08:49.856 [main] INFO  o.s.w.s.m.m.a.RequestMappingHandlerMapping - Mapped "{[/console/memory]}" onto public org.springframework.web.servlet.ModelAndView com.sophia.web.console.MemoryController.memory(org.springframework.ui.ModelMap)
13:08:49.856 [main] INFO  o.s.w.s.m.m.a.RequestMappingHandlerMapping - Mapped "{[/home]}" onto public org.springframework.web.servlet.ModelAndView com.sophia.web.home.HomeController.index()
13:08:49.856 [main] INFO  o.s.w.s.m.m.a.RequestMappingHandlerMapping - Mapped "{[]}" onto public org.springframework.web.servlet.ModelAndView com.sophia.web.IndexController.main()
13:08:49.856 [main] INFO  o.s.w.s.m.m.a.RequestMappingHandlerMapping - Mapped "{[/hello],methods=[GET]}" onto public java.lang.String com.sophia.web.IndexController.getAllApi()
13:08:49.856 [main] INFO  o.s.w.s.m.m.a.RequestMappingHandlerMapping - Mapped "{[/login]}" onto public org.springframework.web.servlet.ModelAndView com.sophia.web.IndexController.login()
13:08:49.856 [main] INFO  o.s.w.s.m.m.a.RequestMappingHandlerMapping - Mapped "{[/system/user]}" onto public org.springframework.web.servlet.ModelAndView com.sophia.web.system.UserController.user()
13:08:49.856 [main] INFO  o.s.w.s.m.m.a.RequestMappingHandlerMapping - Mapped "{[/error]}" onto public org.springframework.http.ResponseEntity<java.util.Map<java.lang.String, java.lang.Object>> org.springframework.boot.autoconfigure.web.BasicErrorController.error(javax.servlet.http.HttpServletRequest)
13:08:49.856 [main] INFO  o.s.w.s.m.m.a.RequestMappingHandlerMapping - Mapped "{[/error],produces=[text/html]}" onto public org.springframework.web.servlet.ModelAndView org.springframework.boot.autoconfigure.web.BasicErrorController.errorHtml(javax.servlet.http.HttpServletRequest,javax.servlet.http.HttpServletResponse)
13:08:49.887 [main] INFO  o.s.w.s.h.SimpleUrlHandlerMapping - Mapped URL path [/webjars/**] onto handler of type [class org.springframework.web.servlet.resource.ResourceHttpRequestHandler]
13:08:49.887 [main] INFO  o.s.w.s.h.SimpleUrlHandlerMapping - Mapped URL path [/**] onto handler of type [class org.springframework.web.servlet.resource.ResourceHttpRequestHandler]
13:08:49.903 [main] INFO  o.s.w.s.m.m.a.ExceptionHandlerExceptionResolver - Detected @ExceptionHandler methods in controllerAdviceExceptionHandler
13:08:49.934 [main] INFO  o.s.w.s.h.SimpleUrlHandlerMapping - Mapped URL path [/**/favicon.ico] onto handler of type [class org.springframework.web.servlet.resource.ResourceHttpRequestHandler]
13:08:50.481 [main] INFO  o.s.j.e.a.AnnotationMBeanExporter - Registering beans for JMX exposure on startup
13:08:50.559 [main] INFO  o.s.b.c.e.t.TomcatEmbeddedServletContainer - Tomcat started on port(s): 8088 (http)
13:08:50.559 [main] INFO  com.sophia.Application - Started Application in 5.597 seconds (JVM running for 8.988)
13:08:56.173 [http-nio-8088-exec-1] INFO  o.s.web.servlet.DispatcherServlet - FrameworkServlet 'dispatcherServlet': initialization started
13:08:56.186 [http-nio-8088-exec-1] INFO  o.s.web.servlet.DispatcherServlet - FrameworkServlet 'dispatcherServlet': initialization completed in 13 ms
